{"/home/lee/@source/grind/src/commands/init.ts": {"path":"/home/lee/@source/grind/src/commands/init.ts","statementMap":{"0":{"start":{"line":27,"column":0},"end":{"line":27,"column":7}},"1":{"start":{"line":1,"column":0},"end":{"line":1,"column":29}},"2":{"start":{"line":2,"column":0},"end":{"line":2,"column":52}},"3":{"start":{"line":4,"column":0},"end":{"line":4,"column":87}},"4":{"start":{"line":5,"column":0},"end":{"line":5,"column":47}},"5":{"start":{"line":10,"column":13},"end":{"line":15,"column":2}},"6":{"start":{"line":28,"column":14},"end":{"line":28,"column":27}},"7":{"start":{"line":29,"column":23},"end":{"line":29,"column":56}},"8":{"start":{"line":30,"column":27},"end":{"line":30,"column":50}},"9":{"start":{"line":33,"column":2},"end":{"line":36,"column":3}},"10":{"start":{"line":34,"column":4},"end":{"line":34,"column":89}},"11":{"start":{"line":35,"column":4},"end":{"line":35,"column":20}},"12":{"start":{"line":39,"column":2},"end":{"line":39,"column":45}},"13":{"start":{"line":40,"column":2},"end":{"line":40,"column":30}},"14":{"start":{"line":43,"column":2},"end":{"line":43,"column":44}},"15":{"start":{"line":44,"column":2},"end":{"line":44,"column":39}},"16":{"start":{"line":47,"column":2},"end":{"line":47,"column":52}},"17":{"start":{"line":48,"column":2},"end":{"line":48,"column":63}},"18":{"start":{"line":51,"column":2},"end":{"line":51,"column":51}},"19":{"start":{"line":52,"column":2},"end":{"line":52,"column":73}},"20":{"start":{"line":53,"column":2},"end":{"line":53,"column":76}},"21":{"start":{"line":54,"column":2},"end":{"line":58,"column":4}},"22":{"start":{"line":61,"column":2},"end":{"line":61,"column":49}},"23":{"start":{"line":62,"column":2},"end":{"line":62,"column":66}},"24":{"start":{"line":64,"column":2},"end":{"line":64,"column":55}},"25":{"start":{"line":65,"column":2},"end":{"line":65,"column":42}},"26":{"start":{"line":66,"column":2},"end":{"line":66,"column":49}},"27":{"start":{"line":67,"column":2},"end":{"line":67,"column":53}},"28":{"start":{"line":68,"column":2},"end":{"line":68,"column":68}}},"fnMap":{"0":{"name":"init","decl":{"start":{"line":27,"column":22},"end":{"line":27,"column":26}},"loc":{"start":{"line":27,"column":26},"end":{"line":69,"column":1}}}},"branchMap":{"0":{"loc":{"start":{"line":33,"column":2},"end":{"line":36,"column":3}},"type":"if","locations":[{"start":{"line":33,"column":2},"end":{"line":36,"column":3}},{"start":{},"end":{}}]}},"s":{"0":1,"1":1,"2":1,"3":1,"4":1,"5":1,"6":0,"7":0,"8":0,"9":0,"10":0,"11":0,"12":0,"13":0,"14":0,"15":0,"16":0,"17":0,"18":0,"19":0,"20":0,"21":0,"22":0,"23":0,"24":0,"25":0,"26":0,"27":0,"28":0},"f":{"0":0},"b":{"0":[0,0]}}
,"/home/lee/@source/grind/src/utils/config.ts": {"path":"/home/lee/@source/grind/src/utils/config.ts","statementMap":{"0":{"start":{"line":6,"column":0},"end":{"line":6,"column":7}},"1":{"start":{"line":17,"column":0},"end":{"line":17,"column":7}},"2":{"start":{"line":26,"column":0},"end":{"line":26,"column":7}},"3":{"start":{"line":46,"column":0},"end":{"line":46,"column":7}},"4":{"start":{"line":1,"column":0},"end":{"line":1,"column":55}},"5":{"start":{"line":2,"column":0},"end":{"line":2,"column":29}},"6":{"start":{"line":4,"column":0},"end":{"line":4,"column":59}},"7":{"start":{"line":7,"column":21},"end":{"line":7,"column":55}},"8":{"start":{"line":9,"column":2},"end":{"line":14,"column":3}},"9":{"start":{"line":10,"column":20},"end":{"line":10,"column":55}},"10":{"start":{"line":11,"column":4},"end":{"line":11,"column":31}},"11":{"start":{"line":13,"column":4},"end":{"line":13,"column":16}},"12":{"start":{"line":18,"column":21},"end":{"line":18,"column":55}},"13":{"start":{"line":19,"column":2},"end":{"line":23,"column":3}},"14":{"start":{"line":20,"column":4},"end":{"line":20,"column":74}},"15":{"start":{"line":22,"column":4},"end":{"line":22,"column":16}},"16":{"start":{"line":30,"column":21},"end":{"line":35,"column":null}},"17":{"start":{"line":38,"column":2},"end":{"line":43,"column":3}},"18":{"start":{"line":39,"column":20},"end":{"line":39,"column":55}},"19":{"start":{"line":40,"column":4},"end":{"line":40,"column":31}},"20":{"start":{"line":42,"column":4},"end":{"line":42,"column":16}},"21":{"start":{"line":51,"column":21},"end":{"line":56,"column":null}},"22":{"start":{"line":59,"column":2},"end":{"line":59,"column":72}}},"fnMap":{"0":{"name":"readGrindConfig","decl":{"start":{"line":6,"column":22},"end":{"line":6,"column":37}},"loc":{"start":{"line":6,"column":54},"end":{"line":15,"column":1}}},"1":{"name":"writeGrindConfig","decl":{"start":{"line":17,"column":22},"end":{"line":17,"column":38}},"loc":{"start":{"line":17,"column":76},"end":{"line":24,"column":1}}},"2":{"name":"readProjectConfig","decl":{"start":{"line":26,"column":22},"end":{"line":26,"column":39}},"loc":{"start":{"line":28,"column":21},"end":{"line":44,"column":1}}},"3":{"name":"writeProjectConfig","decl":{"start":{"line":46,"column":22},"end":{"line":46,"column":40}},"loc":{"start":{"line":49,"column":23},"end":{"line":60,"column":1}}}},"branchMap":{},"s":{"0":1,"1":1,"2":1,"3":1,"4":1,"5":1,"6":1,"7":3,"8":3,"9":3,"10":2,"11":1,"12":0,"13":0,"14":0,"15":0,"16":1,"17":1,"18":1,"19":0,"20":1,"21":1,"22":1},"f":{"0":3,"1":0,"2":1,"3":1},"b":{}}
,"/home/lee/@source/grind/src/utils/files.ts": {"path":"/home/lee/@source/grind/src/utils/files.ts","statementMap":{"0":{"start":{"line":8,"column":0},"end":{"line":8,"column":7}},"1":{"start":{"line":23,"column":0},"end":{"line":23,"column":7}},"2":{"start":{"line":1,"column":0},"end":{"line":1,"column":59}},"3":{"start":{"line":2,"column":0},"end":{"line":2,"column":29}},"4":{"start":{"line":3,"column":0},"end":{"line":3,"column":50}},"5":{"start":{"line":9,"column":2},"end":{"line":14,"column":3}},"6":{"start":{"line":10,"column":4},"end":{"line":10,"column":21}},"7":{"start":{"line":11,"column":4},"end":{"line":11,"column":16}},"8":{"start":{"line":13,"column":4},"end":{"line":13,"column":17}},"9":{"start":{"line":27,"column":23},"end":{"line":27,"column":60}},"10":{"start":{"line":28,"column":2},"end":{"line":28,"column":33}},"11":{"start":{"line":28,"column":21},"end":{"line":28,"column":33}},"12":{"start":{"line":30,"column":19},"end":{"line":30,"column":51}},"13":{"start":{"line":31,"column":14},"end":{"line":31,"column":37}},"14":{"start":{"line":32,"column":2},"end":{"line":32,"column":15}},"15":{"start":{"line":35,"column":2},"end":{"line":37,"column":3}},"16":{"start":{"line":36,"column":4},"end":{"line":36,"column":64}},"17":{"start":{"line":36,"column":33},"end":{"line":36,"column":62}},"18":{"start":{"line":40,"column":2},"end":{"line":42,"column":3}},"19":{"start":{"line":41,"column":4},"end":{"line":41,"column":16}},"20":{"start":{"line":44,"column":19},"end":{"line":44,"column":36}},"21":{"start":{"line":45,"column":19},"end":{"line":45,"column":48}},"22":{"start":{"line":46,"column":18},"end":{"line":46,"column":51}},"23":{"start":{"line":48,"column":2},"end":{"line":48,"column":31}}},"fnMap":{"0":{"name":"fileExists","decl":{"start":{"line":8,"column":22},"end":{"line":8,"column":32}},"loc":{"start":{"line":8,"column":45},"end":{"line":15,"column":1}}},"1":{"name":"getIdeaByNumber","decl":{"start":{"line":23,"column":22},"end":{"line":23,"column":37}},"loc":{"start":{"line":25,"column":34},"end":{"line":49,"column":1}}},"2":{"name":"(anonymous_3)","decl":{"start":{"line":36,"column":25},"end":{"line":36,"column":29}},"loc":{"start":{"line":36,"column":33},"end":{"line":36,"column":62}}}},"branchMap":{"0":{"loc":{"start":{"line":25,"column":2},"end":{"line":25,"column":34}},"type":"default-arg","locations":[{"start":{"line":25,"column":29},"end":{"line":25,"column":34}}]},"1":{"loc":{"start":{"line":28,"column":2},"end":{"line":28,"column":33}},"type":"if","locations":[{"start":{"line":28,"column":2},"end":{"line":28,"column":33}},{"start":{},"end":{}}]},"2":{"loc":{"start":{"line":35,"column":2},"end":{"line":37,"column":3}},"type":"if","locations":[{"start":{"line":35,"column":2},"end":{"line":37,"column":3}},{"start":{},"end":{}}]},"3":{"loc":{"start":{"line":40,"column":2},"end":{"line":42,"column":3}},"type":"if","locations":[{"start":{"line":40,"column":2},"end":{"line":42,"column":3}},{"start":{},"end":{}}]},"4":{"loc":{"start":{"line":40,"column":6},"end":{"line":40,"column":50}},"type":"binary-expr","locations":[{"start":{"line":40,"column":6},"end":{"line":40,"column":20}},{"start":{"line":40,"column":24},"end":{"line":40,"column":50}}]}},"s":{"0":1,"1":1,"2":1,"3":1,"4":1,"5":0,"6":0,"7":0,"8":0,"9":0,"10":0,"11":0,"12":0,"13":0,"14":0,"15":0,"16":0,"17":0,"18":0,"19":0,"20":0,"21":0,"22":0,"23":0},"f":{"0":0,"1":0,"2":0},"b":{"0":[0],"1":[0,0],"2":[0,0],"3":[0,0],"4":[0,0]}}
,"/home/lee/@source/grind/src/utils/git.ts": {"path":"/home/lee/@source/grind/src/utils/git.ts","statementMap":{"0":{"start":{"line":6,"column":0},"end":{"line":6,"column":7}},"1":{"start":{"line":13,"column":0},"end":{"line":13,"column":7}},"2":{"start":{"line":22,"column":0},"end":{"line":22,"column":7}},"3":{"start":{"line":35,"column":0},"end":{"line":35,"column":7}},"4":{"start":{"line":51,"column":0},"end":{"line":51,"column":7}},"5":{"start":{"line":70,"column":0},"end":{"line":70,"column":7}},"6":{"start":{"line":1,"column":0},"end":{"line":1,"column":41}},"7":{"start":{"line":7,"column":2},"end":{"line":7,"column":43}},"8":{"start":{"line":14,"column":2},"end":{"line":14,"column":41}},"9":{"start":{"line":15,"column":2},"end":{"line":15,"column":55}},"10":{"start":{"line":24,"column":2},"end":{"line":24,"column":41}},"11":{"start":{"line":28,"column":2},"end":{"line":28,"column":74}},"12":{"start":{"line":37,"column":21},"end":{"line":37,"column":86}},"13":{"start":{"line":38,"column":19},"end":{"line":38,"column":54}},"14":{"start":{"line":41,"column":23},"end":{"line":41,"column":102}},"15":{"start":{"line":42,"column":21},"end":{"line":42,"column":58}},"16":{"start":{"line":45,"column":2},"end":{"line":45,"column":79}},"17":{"start":{"line":57,"column":2},"end":{"line":64,"column":3}},"18":{"start":{"line":58,"column":4},"end":{"line":58,"column":80}},"19":{"start":{"line":60,"column":4},"end":{"line":60,"column":79}},"20":{"start":{"line":63,"column":4},"end":{"line":63,"column":82}},"21":{"start":{"line":71,"column":2},"end":{"line":76,"column":3}},"22":{"start":{"line":72,"column":19},"end":{"line":72,"column":69}},"23":{"start":{"line":73,"column":4},"end":{"line":73,"column":54}},"24":{"start":{"line":75,"column":4},"end":{"line":75,"column":17}}},"fnMap":{"0":{"name":"gitInit","decl":{"start":{"line":6,"column":22},"end":{"line":6,"column":29}},"loc":{"start":{"line":6,"column":42},"end":{"line":8,"column":1}}},"1":{"name":"gitCommit","decl":{"start":{"line":13,"column":22},"end":{"line":13,"column":31}},"loc":{"start":{"line":13,"column":61},"end":{"line":16,"column":1}}},"2":{"name":"gitCommitInteractive","decl":{"start":{"line":22,"column":22},"end":{"line":22,"column":42}},"loc":{"start":{"line":22,"column":55},"end":{"line":29,"column":1}}},"3":{"name":"gitInitialCommit","decl":{"start":{"line":35,"column":22},"end":{"line":35,"column":38}},"loc":{"start":{"line":35,"column":55},"end":{"line":46,"column":1}}},"4":{"name":"gitAddWorktree","decl":{"start":{"line":51,"column":22},"end":{"line":51,"column":36}},"loc":{"start":{"line":54,"column":16},"end":{"line":65,"column":1}}},"5":{"name":"hasUncommittedChanges","decl":{"start":{"line":70,"column":22},"end":{"line":70,"column":43}},"loc":{"start":{"line":70,"column":56},"end":{"line":77,"column":1}}}},"branchMap":{},"s":{"0":1,"1":1,"2":1,"3":1,"4":1,"5":1,"6":1,"7":0,"8":0,"9":0,"10":0,"11":0,"12":0,"13":0,"14":0,"15":0,"16":0,"17":0,"18":0,"19":0,"20":0,"21":0,"22":0,"23":0,"24":0},"f":{"0":0,"1":0,"2":0,"3":0,"4":0,"5":0},"b":{}}
,"/home/lee/@source/grind/src/utils/workspace.ts": {"path":"/home/lee/@source/grind/src/utils/workspace.ts","statementMap":{"0":{"start":{"line":10,"column":0},"end":{"line":10,"column":7}},"1":{"start":{"line":34,"column":0},"end":{"line":34,"column":7}},"2":{"start":{"line":56,"column":0},"end":{"line":56,"column":7}},"3":{"start":{"line":65,"column":0},"end":{"line":65,"column":7}},"4":{"start":{"line":1,"column":0},"end":{"line":1,"column":49}},"5":{"start":{"line":2,"column":0},"end":{"line":2,"column":29}},"6":{"start":{"line":3,"column":0},"end":{"line":3,"column":40}},"7":{"start":{"line":11,"column":14},"end":{"line":11,"column":27}},"8":{"start":{"line":12,"column":24},"end":{"line":12,"column":51}},"9":{"start":{"line":13,"column":2},"end":{"line":13,"column":34}},"10":{"start":{"line":13,"column":22},"end":{"line":13,"column":34}},"11":{"start":{"line":15,"column":19},"end":{"line":15,"column":52}},"12":{"start":{"line":16,"column":2},"end":{"line":16,"column":58}},"13":{"start":{"line":16,"column":46},"end":{"line":16,"column":58}},"14":{"start":{"line":18,"column":23},"end":{"line":18,"column":50}},"15":{"start":{"line":21,"column":2},"end":{"line":21,"column":82}},"16":{"start":{"line":21,"column":70},"end":{"line":21,"column":82}},"17":{"start":{"line":23,"column":2},"end":{"line":23,"column":22}},"18":{"start":{"line":26,"column":23},"end":{"line":26,"column":40}},"19":{"start":{"line":27,"column":27},"end":{"line":27,"column":34}},"20":{"start":{"line":28,"column":25},"end":{"line":28,"column":38}},"21":{"start":{"line":35,"column":20},"end":{"line":35,"column":43}},"22":{"start":{"line":37,"column":2},"end":{"line":48,"column":3}},"23":{"start":{"line":38,"column":25},"end":{"line":38,"column":63}},"24":{"start":{"line":39,"column":4},"end":{"line":41,"column":5}},"25":{"start":{"line":40,"column":6},"end":{"line":40,"column":26}},"26":{"start":{"line":43,"column":31},"end":{"line":43,"column":83}},"27":{"start":{"line":44,"column":4},"end":{"line":46,"column":5}},"28":{"start":{"line":45,"column":6},"end":{"line":45,"column":32}},"29":{"start":{"line":47,"column":4},"end":{"line":47,"column":44}},"30":{"start":{"line":50,"column":2},"end":{"line":50,"column":14}},"31":{"start":{"line":57,"column":19},"end":{"line":57,"column":48}},"32":{"start":{"line":58,"column":2},"end":{"line":58,"column":29}},"33":{"start":{"line":58,"column":17},"end":{"line":58,"column":29}},"34":{"start":{"line":59,"column":2},"end":{"line":59,"column":32}},"35":{"start":{"line":66,"column":24},"end":{"line":66,"column":57}},"36":{"start":{"line":67,"column":2},"end":{"line":67,"column":34}},"37":{"start":{"line":67,"column":22},"end":{"line":67,"column":34}},"38":{"start":{"line":69,"column":27},"end":{"line":69,"column":71}},"39":{"start":{"line":70,"column":21},"end":{"line":70,"column":66}},"40":{"start":{"line":72,"column":2},"end":{"line":74,"column":3}},"41":{"start":{"line":73,"column":4},"end":{"line":73,"column":28}},"42":{"start":{"line":76,"column":2},"end":{"line":76,"column":14}}},"fnMap":{"0":{"name":"getCurrentProjectName","decl":{"start":{"line":10,"column":22},"end":{"line":10,"column":43}},"loc":{"start":{"line":10,"column":43},"end":{"line":24,"column":1}}},"1":{"name":"findBareRepo","decl":{"start":{"line":34,"column":22},"end":{"line":34,"column":34}},"loc":{"start":{"line":34,"column":52},"end":{"line":51,"column":1}}},"2":{"name":"getWorkspaceRoot","decl":{"start":{"line":56,"column":22},"end":{"line":56,"column":38}},"loc":{"start":{"line":56,"column":56},"end":{"line":60,"column":1}}},"3":{"name":"findMainWorktree","decl":{"start":{"line":65,"column":22},"end":{"line":65,"column":38}},"loc":{"start":{"line":65,"column":56},"end":{"line":77,"column":1}}}},"branchMap":{"0":{"loc":{"start":{"line":13,"column":2},"end":{"line":13,"column":34}},"type":"if","locations":[{"start":{"line":13,"column":2},"end":{"line":13,"column":34}},{"start":{},"end":{}}]},"1":{"loc":{"start":{"line":16,"column":2},"end":{"line":16,"column":58}},"type":"if","locations":[{"start":{"line":16,"column":2},"end":{"line":16,"column":58}},{"start":{},"end":{}}]},"2":{"loc":{"start":{"line":16,"column":6},"end":{"line":16,"column":44}},"type":"binary-expr","locations":[{"start":{"line":16,"column":6},"end":{"line":16,"column":15}},{"start":{"line":16,"column":19},"end":{"line":16,"column":44}}]},"3":{"loc":{"start":{"line":21,"column":2},"end":{"line":21,"column":82}},"type":"if","locations":[{"start":{"line":21,"column":2},"end":{"line":21,"column":82}},{"start":{},"end":{}}]},"4":{"loc":{"start":{"line":21,"column":6},"end":{"line":21,"column":68}},"type":"binary-expr","locations":[{"start":{"line":21,"column":6},"end":{"line":21,"column":30}},{"start":{"line":21,"column":34},"end":{"line":21,"column":68}}]},"5":{"loc":{"start":{"line":39,"column":4},"end":{"line":41,"column":5}},"type":"if","locations":[{"start":{"line":39,"column":4},"end":{"line":41,"column":5}},{"start":{},"end":{}}]},"6":{"loc":{"start":{"line":44,"column":4},"end":{"line":46,"column":5}},"type":"if","locations":[{"start":{"line":44,"column":4},"end":{"line":46,"column":5}},{"start":{},"end":{}}]},"7":{"loc":{"start":{"line":58,"column":2},"end":{"line":58,"column":29}},"type":"if","locations":[{"start":{"line":58,"column":2},"end":{"line":58,"column":29}},{"start":{},"end":{}}]},"8":{"loc":{"start":{"line":67,"column":2},"end":{"line":67,"column":34}},"type":"if","locations":[{"start":{"line":67,"column":2},"end":{"line":67,"column":34}},{"start":{},"end":{}}]},"9":{"loc":{"start":{"line":72,"column":2},"end":{"line":74,"column":3}},"type":"if","locations":[{"start":{"line":72,"column":2},"end":{"line":74,"column":3}},{"start":{},"end":{}}]}},"s":{"0":1,"1":1,"2":1,"3":1,"4":1,"5":1,"6":1,"7":0,"8":0,"9":0,"10":0,"11":0,"12":0,"13":0,"14":0,"15":0,"16":0,"17":0,"18":1,"19":1,"20":1,"21":0,"22":0,"23":0,"24":0,"25":0,"26":0,"27":0,"28":0,"29":0,"30":0,"31":0,"32":0,"33":0,"34":0,"35":0,"36":0,"37":0,"38":0,"39":0,"40":0,"41":0,"42":0},"f":{"0":0,"1":0,"2":0,"3":0},"b":{"0":[0,0],"1":[0,0],"2":[0,0],"3":[0,0],"4":[0,0],"5":[0,0],"6":[0,0],"7":[0,0],"8":[0,0],"9":[0,0]}}
}
