{"/home/lee/@source/grind/src/commands/cancel.ts": {"path":"/home/lee/@source/grind/src/commands/cancel.ts","statementMap":{"0":{"start":{"line":18,"column":0},"end":{"line":18,"column":7}},"1":{"start":{"line":5,"column":0},"end":{"line":5,"column":24}},"2":{"start":{"line":6,"column":0},"end":{"line":6,"column":29}},"3":{"start":{"line":7,"column":0},"end":{"line":7,"column":38}},"4":{"start":{"line":8,"column":0},"end":{"line":8,"column":57}},"5":{"start":{"line":9,"column":0},"end":{"line":9,"column":47}},"6":{"start":{"line":10,"column":0},"end":{"line":10,"column":44}},"7":{"start":{"line":11,"column":0},"end":{"line":11,"column":52}},"8":{"start":{"line":12,"column":0},"end":{"line":12,"column":70}},"9":{"start":{"line":23,"column":52},"end":{"line":23,"column":76}},"10":{"start":{"line":26,"column":23},"end":{"line":26,"column":60}},"11":{"start":{"line":27,"column":2},"end":{"line":29,"column":3}},"12":{"start":{"line":28,"column":4},"end":{"line":28,"column":82}},"13":{"start":{"line":32,"column":14},"end":{"line":32,"column":27}},"14":{"start":{"line":33,"column":2},"end":{"line":38,"column":3}},"15":{"start":{"line":34,"column":4},"end":{"line":37,"column":6}},"16":{"start":{"line":41,"column":2},"end":{"line":44,"column":4}},"17":{"start":{"line":47,"column":2},"end":{"line":47,"column":56}},"18":{"start":{"line":48,"column":2},"end":{"line":60,"column":3}},"19":{"start":{"line":49,"column":4},"end":{"line":53,"column":5}},"20":{"start":{"line":50,"column":6},"end":{"line":50,"column":82}},"21":{"start":{"line":52,"column":6},"end":{"line":52,"column":74}},"22":{"start":{"line":54,"column":4},"end":{"line":54,"column":57}},"23":{"start":{"line":56,"column":4},"end":{"line":59,"column":6}},"24":{"start":{"line":63,"column":2},"end":{"line":68,"column":3}},"25":{"start":{"line":64,"column":4},"end":{"line":64,"column":65}},"26":{"start":{"line":65,"column":4},"end":{"line":65,"column":54}},"27":{"start":{"line":67,"column":4},"end":{"line":67,"column":72}},"28":{"start":{"line":71,"column":27},"end":{"line":71,"column":75}},"29":{"start":{"line":72,"column":2},"end":{"line":76,"column":3}},"30":{"start":{"line":73,"column":4},"end":{"line":73,"column":52}},"31":{"start":{"line":74,"column":4},"end":{"line":74,"column":68}},"32":{"start":{"line":75,"column":4},"end":{"line":75,"column":72}},"33":{"start":{"line":78,"column":2},"end":{"line":78,"column":55}}},"fnMap":{"0":{"name":"cancelProject","decl":{"start":{"line":18,"column":22},"end":{"line":18,"column":35}},"loc":{"start":{"line":20,"column":46},"end":{"line":79,"column":1}}}},"branchMap":{"0":{"loc":{"start":{"line":27,"column":2},"end":{"line":29,"column":3}},"type":"if","locations":[{"start":{"line":27,"column":2},"end":{"line":29,"column":3}},{"start":{},"end":{}}]},"1":{"loc":{"start":{"line":33,"column":2},"end":{"line":38,"column":3}},"type":"if","locations":[{"start":{"line":33,"column":2},"end":{"line":38,"column":3}},{"start":{},"end":{}}]},"2":{"loc":{"start":{"line":33,"column":6},"end":{"line":33,"column":69}},"type":"binary-expr","locations":[{"start":{"line":33,"column":6},"end":{"line":33,"column":26}},{"start":{"line":33,"column":30},"end":{"line":33,"column":69}}]},"3":{"loc":{"start":{"line":43,"column":4},"end":{"line":43,"column":25}},"type":"binary-expr","locations":[{"start":{"line":43,"column":4},"end":{"line":43,"column":16}},{"start":{"line":43,"column":20},"end":{"line":43,"column":25}}]},"4":{"loc":{"start":{"line":49,"column":4},"end":{"line":53,"column":5}},"type":"if","locations":[{"start":{"line":49,"column":4},"end":{"line":53,"column":5}},{"start":{"line":51,"column":11},"end":{"line":53,"column":5}}]},"5":{"loc":{"start":{"line":72,"column":2},"end":{"line":76,"column":3}},"type":"if","locations":[{"start":{"line":72,"column":2},"end":{"line":76,"column":3}},{"start":{},"end":{}}]}},"s":{"0":1,"1":1,"2":1,"3":1,"4":1,"5":1,"6":1,"7":1,"8":1,"9":5,"10":5,"11":5,"12":1,"13":4,"14":4,"15":0,"16":4,"17":4,"18":4,"19":4,"20":1,"21":3,"22":4,"23":0,"24":4,"25":4,"26":4,"27":0,"28":4,"29":4,"30":4,"31":4,"32":4,"33":4},"f":{"0":5},"b":{"0":[1,4],"1":[0,4],"2":[4,4],"3":[4,1],"4":[1,3],"5":[4,0]}}
,"/home/lee/@source/grind/src/commands/prune.ts": {"path":"/home/lee/@source/grind/src/commands/prune.ts","statementMap":{"0":{"start":{"line":15,"column":0},"end":{"line":15,"column":7}},"1":{"start":{"line":5,"column":0},"end":{"line":5,"column":29}},"2":{"start":{"line":6,"column":0},"end":{"line":6,"column":51}},"3":{"start":{"line":7,"column":0},"end":{"line":7,"column":57}},"4":{"start":{"line":8,"column":0},"end":{"line":8,"column":44}},"5":{"start":{"line":9,"column":0},"end":{"line":9,"column":52}},"6":{"start":{"line":16,"column":27},"end":{"line":16,"column":51}},"7":{"start":{"line":18,"column":19},"end":{"line":18,"column":51}},"8":{"start":{"line":21,"column":16},"end":{"line":21,"column":39}},"9":{"start":{"line":24,"column":24},"end":{"line":24,"column":74}},"10":{"start":{"line":24,"column":45},"end":{"line":24,"column":73}},"11":{"start":{"line":26,"column":2},"end":{"line":29,"column":3}},"12":{"start":{"line":27,"column":4},"end":{"line":27,"column":47}},"13":{"start":{"line":28,"column":4},"end":{"line":28,"column":11}},"14":{"start":{"line":32,"column":2},"end":{"line":32,"column":74}},"15":{"start":{"line":33,"column":2},"end":{"line":35,"column":3}},"16":{"start":{"line":34,"column":4},"end":{"line":34,"column":31}},"17":{"start":{"line":38,"column":2},"end":{"line":41,"column":4}},"18":{"start":{"line":44,"column":2},"end":{"line":48,"column":3}},"19":{"start":{"line":45,"column":21},"end":{"line":45,"column":46}},"20":{"start":{"line":46,"column":4},"end":{"line":46,"column":27}},"21":{"start":{"line":47,"column":4},"end":{"line":47,"column":40}},"22":{"start":{"line":51,"column":2},"end":{"line":51,"column":82}},"23":{"start":{"line":52,"column":2},"end":{"line":52,"column":96}}},"fnMap":{"0":{"name":"pruneIdeas","decl":{"start":{"line":15,"column":22},"end":{"line":15,"column":32}},"loc":{"start":{"line":15,"column":60},"end":{"line":53,"column":1}}},"1":{"name":"(anonymous_2)","decl":{"start":{"line":24,"column":37},"end":{"line":24,"column":41}},"loc":{"start":{"line":24,"column":45},"end":{"line":24,"column":73}}}},"branchMap":{"0":{"loc":{"start":{"line":26,"column":2},"end":{"line":29,"column":3}},"type":"if","locations":[{"start":{"line":26,"column":2},"end":{"line":29,"column":3}},{"start":{},"end":{}}]},"1":{"loc":{"start":{"line":40,"column":4},"end":{"line":40,"column":25}},"type":"binary-expr","locations":[{"start":{"line":40,"column":4},"end":{"line":40,"column":16}},{"start":{"line":40,"column":20},"end":{"line":40,"column":25}}]}},"s":{"0":1,"1":1,"2":1,"3":1,"4":1,"5":1,"6":5,"7":5,"8":5,"9":5,"10":13,"11":5,"12":1,"13":1,"14":4,"15":4,"16":8,"17":4,"18":4,"19":8,"20":8,"21":8,"22":4,"23":4},"f":{"0":5,"1":13},"b":{"0":[1,4],"1":[4,2]}}
,"/home/lee/@source/grind/src/commands/publish-project.ts": {"path":"/home/lee/@source/grind/src/commands/publish-project.ts","statementMap":{"0":{"start":{"line":19,"column":0},"end":{"line":19,"column":7}},"1":{"start":{"line":5,"column":0},"end":{"line":5,"column":24}},"2":{"start":{"line":6,"column":0},"end":{"line":6,"column":29}},"3":{"start":{"line":7,"column":0},"end":{"line":7,"column":57}},"4":{"start":{"line":8,"column":0},"end":{"line":8,"column":47}},"5":{"start":{"line":9,"column":0},"end":{"line":9,"column":74}},"6":{"start":{"line":10,"column":0},"end":{"line":10,"column":92}},"7":{"start":{"line":11,"column":0},"end":{"line":11,"column":55}},"8":{"start":{"line":12,"column":0},"end":{"line":12,"column":52}},"9":{"start":{"line":13,"column":0},"end":{"line":13,"column":70}},"10":{"start":{"line":24,"column":52},"end":{"line":24,"column":76}},"11":{"start":{"line":27,"column":23},"end":{"line":27,"column":60}},"12":{"start":{"line":28,"column":2},"end":{"line":30,"column":3}},"13":{"start":{"line":29,"column":4},"end":{"line":29,"column":82}},"14":{"start":{"line":33,"column":2},"end":{"line":35,"column":3}},"15":{"start":{"line":34,"column":4},"end":{"line":34,"column":106}},"16":{"start":{"line":36,"column":2},"end":{"line":38,"column":3}},"17":{"start":{"line":37,"column":4},"end":{"line":37,"column":117}},"18":{"start":{"line":41,"column":2},"end":{"line":55,"column":3}},"19":{"start":{"line":42,"column":19},"end":{"line":42,"column":70}},"20":{"start":{"line":43,"column":4},"end":{"line":45,"column":5}},"21":{"start":{"line":44,"column":6},"end":{"line":44,"column":93}},"22":{"start":{"line":47,"column":4},"end":{"line":47,"column":52}},"23":{"start":{"line":48,"column":4},"end":{"line":48,"column":87}},"24":{"start":{"line":49,"column":4},"end":{"line":49,"column":65}},"25":{"start":{"line":51,"column":26},"end":{"line":51,"column":77}},"26":{"start":{"line":52,"column":4},"end":{"line":52,"column":65}},"27":{"start":{"line":53,"column":4},"end":{"line":53,"column":94}},"28":{"start":{"line":54,"column":4},"end":{"line":54,"column":60}},"29":{"start":{"line":58,"column":17},"end":{"line":58,"column":52}},"30":{"start":{"line":59,"column":24},"end":{"line":59,"column":64}},"31":{"start":{"line":62,"column":2},"end":{"line":66,"column":3}},"32":{"start":{"line":63,"column":4},"end":{"line":63,"column":68}},"33":{"start":{"line":65,"column":4},"end":{"line":65,"column":118}},"34":{"start":{"line":69,"column":2},"end":{"line":69,"column":56}},"35":{"start":{"line":70,"column":2},"end":{"line":70,"column":74}},"36":{"start":{"line":72,"column":2},"end":{"line":77,"column":3}},"37":{"start":{"line":73,"column":4},"end":{"line":73,"column":65}},"38":{"start":{"line":74,"column":4},"end":{"line":74,"column":49}},"39":{"start":{"line":76,"column":4},"end":{"line":76,"column":101}},"40":{"start":{"line":80,"column":2},"end":{"line":101,"column":3}},"41":{"start":{"line":81,"column":4},"end":{"line":81,"column":45}},"42":{"start":{"line":83,"column":23},"end":{"line":83,"column":62}},"43":{"start":{"line":84,"column":4},"end":{"line":86,"column":5}},"44":{"start":{"line":85,"column":6},"end":{"line":85,"column":59}},"45":{"start":{"line":87,"column":4},"end":{"line":87,"column":61}},"46":{"start":{"line":89,"column":4},"end":{"line":89,"column":72}},"47":{"start":{"line":90,"column":4},"end":{"line":90,"column":57}},"48":{"start":{"line":92,"column":4},"end":{"line":95,"column":5}},"49":{"start":{"line":93,"column":6},"end":{"line":93,"column":67}},"50":{"start":{"line":94,"column":6},"end":{"line":94,"column":56}},"51":{"start":{"line":97,"column":4},"end":{"line":97,"column":70}},"52":{"start":{"line":99,"column":4},"end":{"line":99,"column":84}},"53":{"start":{"line":100,"column":4},"end":{"line":100,"column":66}}},"fnMap":{"0":{"name":"publishProject","decl":{"start":{"line":19,"column":22},"end":{"line":19,"column":36}},"loc":{"start":{"line":21,"column":93},"end":{"line":102,"column":1}}}},"branchMap":{"0":{"loc":{"start":{"line":28,"column":2},"end":{"line":30,"column":3}},"type":"if","locations":[{"start":{"line":28,"column":2},"end":{"line":30,"column":3}},{"start":{},"end":{}}]},"1":{"loc":{"start":{"line":33,"column":2},"end":{"line":35,"column":3}},"type":"if","locations":[{"start":{"line":33,"column":2},"end":{"line":35,"column":3}},{"start":{},"end":{}}]},"2":{"loc":{"start":{"line":36,"column":2},"end":{"line":38,"column":3}},"type":"if","locations":[{"start":{"line":36,"column":2},"end":{"line":38,"column":3}},{"start":{},"end":{}}]},"3":{"loc":{"start":{"line":41,"column":2},"end":{"line":55,"column":3}},"type":"if","locations":[{"start":{"line":41,"column":2},"end":{"line":55,"column":3}},{"start":{},"end":{}}]},"4":{"loc":{"start":{"line":43,"column":4},"end":{"line":45,"column":5}},"type":"if","locations":[{"start":{"line":43,"column":4},"end":{"line":45,"column":5}},{"start":{},"end":{}}]},"5":{"loc":{"start":{"line":47,"column":26},"end":{"line":47,"column":51}},"type":"binary-expr","locations":[{"start":{"line":47,"column":26},"end":{"line":47,"column":45}},{"start":{"line":47,"column":49},"end":{"line":47,"column":51}}]},"6":{"loc":{"start":{"line":80,"column":2},"end":{"line":101,"column":3}},"type":"if","locations":[{"start":{"line":80,"column":2},"end":{"line":101,"column":3}},{"start":{"line":98,"column":9},"end":{"line":101,"column":3}}]},"7":{"loc":{"start":{"line":80,"column":6},"end":{"line":80,"column":54}},"type":"binary-expr","locations":[{"start":{"line":80,"column":6},"end":{"line":80,"column":29}},{"start":{"line":80,"column":33},"end":{"line":80,"column":54}}]},"8":{"loc":{"start":{"line":84,"column":4},"end":{"line":86,"column":5}},"type":"if","locations":[{"start":{"line":84,"column":4},"end":{"line":86,"column":5}},{"start":{},"end":{}}]},"9":{"loc":{"start":{"line":87,"column":38},"end":{"line":87,"column":59}},"type":"binary-expr","locations":[{"start":{"line":87,"column":38},"end":{"line":87,"column":50}},{"start":{"line":87,"column":54},"end":{"line":87,"column":59}}]},"10":{"loc":{"start":{"line":92,"column":4},"end":{"line":95,"column":5}},"type":"if","locations":[{"start":{"line":92,"column":4},"end":{"line":95,"column":5}},{"start":{},"end":{}}]}},"s":{"0":1,"1":1,"2":1,"3":1,"4":1,"5":1,"6":1,"7":1,"8":1,"9":1,"10":5,"11":5,"12":5,"13":0,"14":5,"15":0,"16":5,"17":0,"18":5,"19":0,"20":0,"21":0,"22":0,"23":0,"24":0,"25":0,"26":0,"27":0,"28":0,"29":5,"30":5,"31":5,"32":5,"33":0,"34":5,"35":5,"36":5,"37":5,"38":5,"39":0,"40":5,"41":4,"42":4,"43":4,"44":1,"45":4,"46":4,"47":4,"48":4,"49":1,"50":1,"51":4,"52":1,"53":1},"f":{"0":5},"b":{"0":[0,5],"1":[0,5],"2":[0,5],"3":[0,5],"4":[0,0],"5":[0,0],"6":[4,1],"7":[5,2],"8":[1,3],"9":[4,2],"10":[1,3]}}
,"/home/lee/@source/grind/src/commands/save.ts": {"path":"/home/lee/@source/grind/src/commands/save.ts","statementMap":{"0":{"start":{"line":12,"column":0},"end":{"line":12,"column":7}},"1":{"start":{"line":5,"column":0},"end":{"line":5,"column":29}},"2":{"start":{"line":6,"column":0},"end":{"line":6,"column":57}},"3":{"start":{"line":7,"column":0},"end":{"line":7,"column":75}},"4":{"start":{"line":8,"column":0},"end":{"line":8,"column":67}},"5":{"start":{"line":9,"column":0},"end":{"line":9,"column":89}},"6":{"start":{"line":10,"column":0},"end":{"line":10,"column":52}},"7":{"start":{"line":16,"column":28},"end":{"line":16,"column":52}},"8":{"start":{"line":17,"column":23},"end":{"line":17,"column":60}},"9":{"start":{"line":19,"column":2},"end":{"line":28,"column":3}},"10":{"start":{"line":20,"column":4},"end":{"line":20,"column":44}},"11":{"start":{"line":21,"column":4},"end":{"line":26,"column":5}},"12":{"start":{"line":22,"column":6},"end":{"line":22,"column":47}},"13":{"start":{"line":23,"column":6},"end":{"line":23,"column":54}},"14":{"start":{"line":25,"column":6},"end":{"line":25,"column":43}},"15":{"start":{"line":27,"column":4},"end":{"line":27,"column":11}},"16":{"start":{"line":30,"column":17},"end":{"line":30,"column":68}},"17":{"start":{"line":31,"column":2},"end":{"line":33,"column":3}},"18":{"start":{"line":32,"column":4},"end":{"line":32,"column":83}},"19":{"start":{"line":36,"column":2},"end":{"line":46,"column":3}},"20":{"start":{"line":37,"column":18},"end":{"line":37,"column":42}},"21":{"start":{"line":38,"column":4},"end":{"line":40,"column":5}},"22":{"start":{"line":39,"column":6},"end":{"line":39,"column":99}},"23":{"start":{"line":41,"column":26},"end":{"line":41,"column":50}},"24":{"start":{"line":42,"column":4},"end":{"line":45,"column":5}},"25":{"start":{"line":43,"column":22},"end":{"line":43,"column":61}},"26":{"start":{"line":44,"column":6},"end":{"line":44,"column":70}},"27":{"start":{"line":48,"column":23},"end":{"line":48,"column":50}},"28":{"start":{"line":51,"column":2},"end":{"line":61,"column":3}},"29":{"start":{"line":52,"column":4},"end":{"line":52,"column":65}},"30":{"start":{"line":54,"column":18},"end":{"line":54,"column":59}},"31":{"start":{"line":55,"column":4},"end":{"line":55,"column":60}},"32":{"start":{"line":57,"column":4},"end":{"line":57,"column":60}},"33":{"start":{"line":58,"column":4},"end":{"line":58,"column":76}},"34":{"start":{"line":60,"column":4},"end":{"line":60,"column":45}},"35":{"start":{"line":63,"column":2},"end":{"line":81,"column":3}},"36":{"start":{"line":64,"column":4},"end":{"line":64,"column":41}},"37":{"start":{"line":66,"column":23},"end":{"line":66,"column":53}},"38":{"start":{"line":68,"column":4},"end":{"line":76,"column":5}},"39":{"start":{"line":69,"column":24},"end":{"line":69,"column":51}},"40":{"start":{"line":70,"column":28},"end":{"line":72,"column":79}},"41":{"start":{"line":73,"column":6},"end":{"line":73,"column":51}},"42":{"start":{"line":75,"column":6},"end":{"line":75,"column":47}},"43":{"start":{"line":78,"column":4},"end":{"line":78,"column":62}},"44":{"start":{"line":80,"column":4},"end":{"line":80,"column":41}}},"fnMap":{"0":{"name":"save","decl":{"start":{"line":12,"column":22},"end":{"line":12,"column":26}},"loc":{"start":{"line":14,"column":61},"end":{"line":82,"column":1}}}},"branchMap":{"0":{"loc":{"start":{"line":19,"column":2},"end":{"line":28,"column":3}},"type":"if","locations":[{"start":{"line":19,"column":2},"end":{"line":28,"column":3}},{"start":{},"end":{}}]},"1":{"loc":{"start":{"line":21,"column":4},"end":{"line":26,"column":5}},"type":"if","locations":[{"start":{"line":21,"column":4},"end":{"line":26,"column":5}},{"start":{"line":24,"column":11},"end":{"line":26,"column":5}}]},"2":{"loc":{"start":{"line":31,"column":2},"end":{"line":33,"column":3}},"type":"if","locations":[{"start":{"line":31,"column":2},"end":{"line":33,"column":3}},{"start":{},"end":{}}]},"3":{"loc":{"start":{"line":36,"column":2},"end":{"line":46,"column":3}},"type":"if","locations":[{"start":{"line":36,"column":2},"end":{"line":46,"column":3}},{"start":{},"end":{}}]},"4":{"loc":{"start":{"line":38,"column":4},"end":{"line":40,"column":5}},"type":"if","locations":[{"start":{"line":38,"column":4},"end":{"line":40,"column":5}},{"start":{},"end":{}}]},"5":{"loc":{"start":{"line":38,"column":8},"end":{"line":38,"column":34}},"type":"binary-expr","locations":[{"start":{"line":38,"column":8},"end":{"line":38,"column":20}},{"start":{"line":38,"column":24},"end":{"line":38,"column":34}}]},"6":{"loc":{"start":{"line":42,"column":4},"end":{"line":45,"column":5}},"type":"if","locations":[{"start":{"line":42,"column":4},"end":{"line":45,"column":5}},{"start":{},"end":{}}]},"7":{"loc":{"start":{"line":51,"column":2},"end":{"line":61,"column":3}},"type":"if","locations":[{"start":{"line":51,"column":2},"end":{"line":61,"column":3}},{"start":{"line":59,"column":9},"end":{"line":61,"column":3}}]},"8":{"loc":{"start":{"line":63,"column":2},"end":{"line":81,"column":3}},"type":"if","locations":[{"start":{"line":63,"column":2},"end":{"line":81,"column":3}},{"start":{"line":79,"column":9},"end":{"line":81,"column":3}}]},"9":{"loc":{"start":{"line":66,"column":23},"end":{"line":66,"column":53}},"type":"binary-expr","locations":[{"start":{"line":66,"column":23},"end":{"line":66,"column":37}},{"start":{"line":66,"column":41},"end":{"line":66,"column":53}}]},"10":{"loc":{"start":{"line":68,"column":4},"end":{"line":76,"column":5}},"type":"if","locations":[{"start":{"line":68,"column":4},"end":{"line":76,"column":5}},{"start":{"line":74,"column":11},"end":{"line":76,"column":5}}]},"11":{"loc":{"start":{"line":70,"column":28},"end":{"line":72,"column":79}},"type":"cond-expr","locations":[{"start":{"line":71,"column":10},"end":{"line":71,"column":105}},{"start":{"line":72,"column":10},"end":{"line":72,"column":79}}]}},"s":{"0":1,"1":1,"2":1,"3":1,"4":1,"5":1,"6":1,"7":10,"8":10,"9":10,"10":0,"11":0,"12":0,"13":0,"14":0,"15":0,"16":10,"17":10,"18":2,"19":8,"20":6,"21":6,"22":4,"23":2,"24":2,"25":1,"26":1,"27":4,"28":4,"29":1,"30":1,"31":1,"32":1,"33":1,"34":3,"35":4,"36":4,"37":4,"38":4,"39":1,"40":1,"41":1,"42":3,"43":4,"44":0},"f":{"0":10},"b":{"0":[0,10],"1":[0,0],"2":[2,8],"3":[6,2],"4":[4,2],"5":[6,5],"6":[1,1],"7":[1,3],"8":[4,0],"9":[4,4],"10":[1,3],"11":[0,1]}}
,"/home/lee/@source/grind/src/commands/show.ts": {"path":"/home/lee/@source/grind/src/commands/show.ts","statementMap":{"0":{"start":{"line":13,"column":0},"end":{"line":13,"column":7}},"1":{"start":{"line":1,"column":0},"end":{"line":1,"column":29}},"2":{"start":{"line":2,"column":0},"end":{"line":2,"column":44}},"3":{"start":{"line":3,"column":0},"end":{"line":3,"column":57}},"4":{"start":{"line":4,"column":0},"end":{"line":4,"column":55}},"5":{"start":{"line":5,"column":0},"end":{"line":5,"column":52}},"6":{"start":{"line":14,"column":28},"end":{"line":14,"column":52}},"7":{"start":{"line":16,"column":2},"end":{"line":23,"column":3}},"8":{"start":{"line":17,"column":19},"end":{"line":17,"column":70}},"9":{"start":{"line":18,"column":4},"end":{"line":20,"column":5}},"10":{"start":{"line":19,"column":6},"end":{"line":19,"column":77}},"11":{"start":{"line":21,"column":4},"end":{"line":21,"column":49}},"12":{"start":{"line":22,"column":4},"end":{"line":22,"column":11}},"13":{"start":{"line":25,"column":2},"end":{"line":42,"column":3}},"14":{"start":{"line":26,"column":19},"end":{"line":26,"column":70}},"15":{"start":{"line":27,"column":4},"end":{"line":29,"column":5}},"16":{"start":{"line":28,"column":6},"end":{"line":28,"column":77}},"17":{"start":{"line":30,"column":4},"end":{"line":33,"column":5}},"18":{"start":{"line":31,"column":6},"end":{"line":31,"column":43}},"19":{"start":{"line":32,"column":6},"end":{"line":32,"column":13}},"20":{"start":{"line":34,"column":4},"end":{"line":40,"column":5}},"21":{"start":{"line":35,"column":20},"end":{"line":35,"column":60}},"22":{"start":{"line":36,"column":18},"end":{"line":36,"column":81}},"23":{"start":{"line":37,"column":20},"end":{"line":37,"column":56}},"24":{"start":{"line":38,"column":23},"end":{"line":38,"column":60}},"25":{"start":{"line":39,"column":6},"end":{"line":39,"column":61}},"26":{"start":{"line":41,"column":4},"end":{"line":41,"column":11}},"27":{"start":{"line":44,"column":2},"end":{"line":64,"column":3}},"28":{"start":{"line":45,"column":19},"end":{"line":45,"column":70}},"29":{"start":{"line":46,"column":4},"end":{"line":48,"column":5}},"30":{"start":{"line":47,"column":6},"end":{"line":47,"column":77}},"31":{"start":{"line":49,"column":25},"end":{"line":49,"column":75}},"32":{"start":{"line":49,"column":56},"end":{"line":49,"column":71}},"33":{"start":{"line":50,"column":26},"end":{"line":50,"column":102}},"34":{"start":{"line":50,"column":52},"end":{"line":50,"column":62}},"35":{"start":{"line":50,"column":83},"end":{"line":50,"column":98}},"36":{"start":{"line":51,"column":23},"end":{"line":51,"column":55}},"37":{"start":{"line":52,"column":24},"end":{"line":52,"column":57}},"38":{"start":{"line":53,"column":26},"end":{"line":53,"column":76}},"39":{"start":{"line":54,"column":17},"end":{"line":54,"column":36}},"40":{"start":{"line":55,"column":24},"end":{"line":55,"column":63}},"41":{"start":{"line":56,"column":25},"end":{"line":56,"column":65}},"42":{"start":{"line":57,"column":27},"end":{"line":57,"column":84}},"43":{"start":{"line":58,"column":4},"end":{"line":58,"column":51}},"44":{"start":{"line":59,"column":4},"end":{"line":59,"column":61}},"45":{"start":{"line":60,"column":4},"end":{"line":60,"column":63}},"46":{"start":{"line":61,"column":4},"end":{"line":61,"column":67}},"47":{"start":{"line":62,"column":4},"end":{"line":62,"column":40}},"48":{"start":{"line":63,"column":4},"end":{"line":63,"column":11}},"49":{"start":{"line":66,"column":19},"end":{"line":66,"column":96}},"50":{"start":{"line":67,"column":2},"end":{"line":72,"column":3}},"51":{"start":{"line":68,"column":20},"end":{"line":68,"column":53}},"52":{"start":{"line":69,"column":4},"end":{"line":69,"column":25}},"53":{"start":{"line":71,"column":4},"end":{"line":71,"column":66}}},"fnMap":{"0":{"name":"showProject","decl":{"start":{"line":13,"column":22},"end":{"line":13,"column":33}},"loc":{"start":{"line":13,"column":80},"end":{"line":73,"column":1}}},"1":{"name":"(anonymous_2)","decl":{"start":{"line":49,"column":44},"end":{"line":49,"column":45}},"loc":{"start":{"line":49,"column":56},"end":{"line":49,"column":71}}},"2":{"name":"(anonymous_3)","decl":{"start":{"line":50,"column":45},"end":{"line":50,"column":46}},"loc":{"start":{"line":50,"column":52},"end":{"line":50,"column":62}}},"3":{"name":"(anonymous_4)","decl":{"start":{"line":50,"column":71},"end":{"line":50,"column":72}},"loc":{"start":{"line":50,"column":83},"end":{"line":50,"column":98}}}},"branchMap":{"0":{"loc":{"start":{"line":13,"column":55},"end":{"line":13,"column":80}},"type":"default-arg","locations":[{"start":{"line":13,"column":78},"end":{"line":13,"column":80}}]},"1":{"loc":{"start":{"line":16,"column":2},"end":{"line":23,"column":3}},"type":"if","locations":[{"start":{"line":16,"column":2},"end":{"line":23,"column":3}},{"start":{},"end":{}}]},"2":{"loc":{"start":{"line":18,"column":4},"end":{"line":20,"column":5}},"type":"if","locations":[{"start":{"line":18,"column":4},"end":{"line":20,"column":5}},{"start":{},"end":{}}]},"3":{"loc":{"start":{"line":25,"column":2},"end":{"line":42,"column":3}},"type":"if","locations":[{"start":{"line":25,"column":2},"end":{"line":42,"column":3}},{"start":{},"end":{}}]},"4":{"loc":{"start":{"line":27,"column":4},"end":{"line":29,"column":5}},"type":"if","locations":[{"start":{"line":27,"column":4},"end":{"line":29,"column":5}},{"start":{},"end":{}}]},"5":{"loc":{"start":{"line":30,"column":4},"end":{"line":33,"column":5}},"type":"if","locations":[{"start":{"line":30,"column":4},"end":{"line":33,"column":5}},{"start":{},"end":{}}]},"6":{"loc":{"start":{"line":36,"column":18},"end":{"line":36,"column":81}},"type":"cond-expr","locations":[{"start":{"line":36,"column":32},"end":{"line":36,"column":70}},{"start":{"line":36,"column":73},"end":{"line":36,"column":81}}]},"7":{"loc":{"start":{"line":38,"column":23},"end":{"line":38,"column":60}},"type":"cond-expr","locations":[{"start":{"line":38,"column":42},"end":{"line":38,"column":55}},{"start":{"line":38,"column":58},"end":{"line":38,"column":60}}]},"8":{"loc":{"start":{"line":44,"column":2},"end":{"line":64,"column":3}},"type":"if","locations":[{"start":{"line":44,"column":2},"end":{"line":64,"column":3}},{"start":{},"end":{}}]},"9":{"loc":{"start":{"line":46,"column":4},"end":{"line":48,"column":5}},"type":"if","locations":[{"start":{"line":46,"column":4},"end":{"line":48,"column":5}},{"start":{},"end":{}}]}},"s":{"0":1,"1":1,"2":1,"3":1,"4":1,"5":1,"6":10,"7":10,"8":2,"9":2,"10":1,"11":1,"12":1,"13":8,"14":3,"15":3,"16":1,"17":2,"18":1,"19":1,"20":1,"21":2,"22":2,"23":2,"24":2,"25":2,"26":1,"27":5,"28":2,"29":2,"30":1,"31":1,"32":2,"33":1,"34":2,"35":1,"36":1,"37":1,"38":1,"39":1,"40":1,"41":1,"42":1,"43":1,"44":1,"45":1,"46":1,"47":1,"48":1,"49":3,"50":3,"51":3,"52":1,"53":2},"f":{"0":10,"1":2,"2":2,"3":1},"b":{"0":[3],"1":[2,8],"2":[1,1],"3":[3,5],"4":[1,2],"5":[1,1],"6":[2,0],"7":[1,1],"8":[2,3],"9":[1,1]}}
,"/home/lee/@source/grind/src/utils/config.ts": {"path":"/home/lee/@source/grind/src/utils/config.ts","statementMap":{"0":{"start":{"line":10,"column":0},"end":{"line":10,"column":7}},"1":{"start":{"line":16,"column":0},"end":{"line":16,"column":7}},"2":{"start":{"line":21,"column":0},"end":{"line":21,"column":7}},"3":{"start":{"line":41,"column":0},"end":{"line":41,"column":7}},"4":{"start":{"line":57,"column":0},"end":{"line":57,"column":7}},"5":{"start":{"line":5,"column":0},"end":{"line":5,"column":55}},"6":{"start":{"line":6,"column":0},"end":{"line":6,"column":29}},"7":{"start":{"line":8,"column":0},"end":{"line":8,"column":40}},"8":{"start":{"line":11,"column":21},"end":{"line":11,"column":55}},"9":{"start":{"line":12,"column":18},"end":{"line":12,"column":53}},"10":{"start":{"line":13,"column":2},"end":{"line":13,"column":29}},"11":{"start":{"line":17,"column":21},"end":{"line":17,"column":55}},"12":{"start":{"line":18,"column":2},"end":{"line":18,"column":72}},"13":{"start":{"line":25,"column":21},"end":{"line":30,"column":null}},"14":{"start":{"line":33,"column":2},"end":{"line":38,"column":3}},"15":{"start":{"line":34,"column":20},"end":{"line":34,"column":55}},"16":{"start":{"line":35,"column":4},"end":{"line":35,"column":31}},"17":{"start":{"line":37,"column":4},"end":{"line":37,"column":16}},"18":{"start":{"line":46,"column":21},"end":{"line":51,"column":null}},"19":{"start":{"line":54,"column":2},"end":{"line":54,"column":72}},"20":{"start":{"line":61,"column":30},"end":{"line":66,"column":null}},"21":{"start":{"line":69,"column":23},"end":{"line":69,"column":56}},"22":{"start":{"line":70,"column":33},"end":{"line":74,"column":null}},"23":{"start":{"line":77,"column":2},"end":{"line":80,"column":3}},"24":{"start":{"line":78,"column":20},"end":{"line":78,"column":64}},"25":{"start":{"line":79,"column":4},"end":{"line":79,"column":76}},"26":{"start":{"line":82,"column":2},"end":{"line":85,"column":3}},"27":{"start":{"line":83,"column":20},"end":{"line":83,"column":67}},"28":{"start":{"line":84,"column":4},"end":{"line":84,"column":79}},"29":{"start":{"line":87,"column":2},"end":{"line":87,"column":14}}},"fnMap":{"0":{"name":"readGrindConfig","decl":{"start":{"line":10,"column":22},"end":{"line":10,"column":37}},"loc":{"start":{"line":10,"column":54},"end":{"line":14,"column":1}}},"1":{"name":"writeGrindConfig","decl":{"start":{"line":16,"column":22},"end":{"line":16,"column":38}},"loc":{"start":{"line":16,"column":76},"end":{"line":19,"column":1}}},"2":{"name":"readProjectConfig","decl":{"start":{"line":21,"column":22},"end":{"line":21,"column":39}},"loc":{"start":{"line":23,"column":21},"end":{"line":39,"column":1}}},"3":{"name":"writeProjectConfig","decl":{"start":{"line":41,"column":22},"end":{"line":41,"column":40}},"loc":{"start":{"line":44,"column":23},"end":{"line":55,"column":1}}},"4":{"name":"resolveProjectConfig","decl":{"start":{"line":57,"column":22},"end":{"line":57,"column":42}},"loc":{"start":{"line":59,"column":21},"end":{"line":88,"column":1}}}},"branchMap":{"0":{"loc":{"start":{"line":77,"column":2},"end":{"line":80,"column":3}},"type":"if","locations":[{"start":{"line":77,"column":2},"end":{"line":80,"column":3}},{"start":{},"end":{}}]},"1":{"loc":{"start":{"line":82,"column":2},"end":{"line":85,"column":3}},"type":"if","locations":[{"start":{"line":82,"column":2},"end":{"line":85,"column":3}},{"start":{},"end":{}}]}},"s":{"0":1,"1":1,"2":1,"3":1,"4":1,"5":1,"6":1,"7":1,"8":3,"9":3,"10":2,"11":0,"12":0,"13":1,"14":1,"15":1,"16":0,"17":1,"18":1,"19":1,"20":3,"21":3,"22":3,"23":3,"24":1,"25":1,"26":2,"27":1,"28":1,"29":1},"f":{"0":3,"1":0,"2":1,"3":1,"4":3},"b":{"0":[1,2],"1":[1,1]}}
,"/home/lee/@source/grind/src/utils/editor.ts": {"path":"/home/lee/@source/grind/src/utils/editor.ts","statementMap":{"0":{"start":{"line":13,"column":0},"end":{"line":13,"column":7}},"1":{"start":{"line":24,"column":0},"end":{"line":24,"column":7}},"2":{"start":{"line":34,"column":0},"end":{"line":34,"column":7}},"3":{"start":{"line":5,"column":0},"end":{"line":5,"column":53}},"4":{"start":{"line":6,"column":0},"end":{"line":6,"column":33}},"5":{"start":{"line":7,"column":0},"end":{"line":7,"column":63}},"6":{"start":{"line":8,"column":0},"end":{"line":8,"column":29}},"7":{"start":{"line":9,"column":0},"end":{"line":9,"column":47}},"8":{"start":{"line":11,"column":21},"end":{"line":11,"column":69}},"9":{"start":{"line":14,"column":2},"end":{"line":21,"column":3}},"10":{"start":{"line":15,"column":4},"end":{"line":15,"column":70}},"11":{"start":{"line":17,"column":4},"end":{"line":20,"column":6}},"12":{"start":{"line":25,"column":17},"end":{"line":25,"column":70}},"13":{"start":{"line":27,"column":2},"end":{"line":31,"column":5}},"14":{"start":{"line":28,"column":4},"end":{"line":30,"column":5}},"15":{"start":{"line":29,"column":6},"end":{"line":29,"column":55}},"16":{"start":{"line":38,"column":18},"end":{"line":38,"column":67}},"17":{"start":{"line":40,"column":2},"end":{"line":46,"column":3}},"18":{"start":{"line":41,"column":4},"end":{"line":41,"column":60}},"19":{"start":{"line":42,"column":4},"end":{"line":42,"column":69}},"20":{"start":{"line":43,"column":4},"end":{"line":43,"column":44}},"21":{"start":{"line":45,"column":4},"end":{"line":45,"column":42}}},"fnMap":{"0":{"name":"openEditor","decl":{"start":{"line":13,"column":22},"end":{"line":13,"column":32}},"loc":{"start":{"line":13,"column":49},"end":{"line":22,"column":1}}},"1":{"name":"openEditorDetached","decl":{"start":{"line":24,"column":22},"end":{"line":24,"column":40}},"loc":{"start":{"line":24,"column":57},"end":{"line":32,"column":1}}},"2":{"name":"(anonymous_3)","decl":{"start":{"line":27,"column":21},"end":{"line":27,"column":22}},"loc":{"start":{"line":27,"column":30},"end":{"line":31,"column":3}}},"3":{"name":"editTempFile","decl":{"start":{"line":34,"column":22},"end":{"line":34,"column":34}},"loc":{"start":{"line":36,"column":25},"end":{"line":47,"column":1}}},"4":{"name":"(anonymous_5)","decl":{"start":{"line":45,"column":32},"end":{"line":45,"column":35}},"loc":{"start":{"line":45,"column":37},"end":{"line":45,"column":40}}}},"branchMap":{"0":{"loc":{"start":{"line":11,"column":21},"end":{"line":11,"column":69}},"type":"binary-expr","locations":[{"start":{"line":11,"column":21},"end":{"line":11,"column":39}},{"start":{"line":11,"column":43},"end":{"line":11,"column":61}},{"start":{"line":11,"column":65},"end":{"line":11,"column":69}}]},"1":{"loc":{"start":{"line":19,"column":6},"end":{"line":19,"column":44}},"type":"cond-expr","locations":[{"start":{"line":19,"column":29},"end":{"line":19,"column":32}},{"start":{"line":19,"column":35},"end":{"line":19,"column":44}}]},"2":{"loc":{"start":{"line":28,"column":4},"end":{"line":30,"column":5}},"type":"if","locations":[{"start":{"line":28,"column":4},"end":{"line":30,"column":5}},{"start":{},"end":{}}]},"3":{"loc":{"start":{"line":41,"column":29},"end":{"line":41,"column":49}},"type":"binary-expr","locations":[{"start":{"line":41,"column":29},"end":{"line":41,"column":43}},{"start":{"line":41,"column":47},"end":{"line":41,"column":49}}]}},"s":{"0":1,"1":1,"2":1,"3":1,"4":1,"5":1,"6":1,"7":1,"8":1,"9":2,"10":2,"11":1,"12":2,"13":2,"14":1,"15":1,"16":3,"17":3,"18":3,"19":3,"20":2,"21":3},"f":{"0":2,"1":2,"2":1,"3":3,"4":1},"b":{"0":[1,0,0],"1":[1,0],"2":[1,0],"3":[3,2]}}
,"/home/lee/@source/grind/src/utils/errors.ts": {"path":"/home/lee/@source/grind/src/utils/errors.ts","statementMap":{"0":{"start":{"line":10,"column":4},"end":{"line":10,"column":19}},"1":{"start":{"line":11,"column":4},"end":{"line":11,"column":29}},"2":{"start":{"line":12,"column":4},"end":{"line":12,"column":29}},"3":{"start":{"line":13,"column":4},"end":{"line":13,"column":23}},"4":{"start":{"line":5,"column":0},"end":{"line":5,"column":13}},"5":{"start":{"line":19,"column":4},"end":{"line":19,"column":29}},"6":{"start":{"line":20,"column":4},"end":{"line":20,"column":33}},"7":{"start":{"line":17,"column":0},"end":{"line":17,"column":13}},"8":{"start":{"line":26,"column":4},"end":{"line":26,"column":29}},"9":{"start":{"line":27,"column":4},"end":{"line":27,"column":35}},"10":{"start":{"line":24,"column":0},"end":{"line":24,"column":13}}},"fnMap":{"0":{"name":"(anonymous_0)","decl":{"start":{"line":9,"column":2},"end":{"line":9,"column":14}},"loc":{"start":{"line":9,"column":66},"end":{"line":14,"column":3}}},"1":{"name":"(anonymous_1)","decl":{"start":{"line":18,"column":2},"end":{"line":18,"column":14}},"loc":{"start":{"line":18,"column":44},"end":{"line":21,"column":3}}},"2":{"name":"(anonymous_2)","decl":{"start":{"line":25,"column":2},"end":{"line":25,"column":14}},"loc":{"start":{"line":25,"column":44},"end":{"line":28,"column":3}}}},"branchMap":{"0":{"loc":{"start":{"line":9,"column":31},"end":{"line":9,"column":51}},"type":"default-arg","locations":[{"start":{"line":9,"column":50},"end":{"line":9,"column":51}}]}},"s":{"0":23,"1":23,"2":23,"3":23,"4":7,"5":15,"6":15,"7":7,"8":4,"9":4,"10":7},"f":{"0":23,"1":15,"2":4},"b":{"0":[2]}}
,"/home/lee/@source/grind/src/utils/files.ts": {"path":"/home/lee/@source/grind/src/utils/files.ts","statementMap":{"0":{"start":{"line":12,"column":0},"end":{"line":12,"column":7}},"1":{"start":{"line":27,"column":0},"end":{"line":27,"column":7}},"2":{"start":{"line":5,"column":0},"end":{"line":5,"column":59}},"3":{"start":{"line":6,"column":0},"end":{"line":6,"column":29}},"4":{"start":{"line":7,"column":0},"end":{"line":7,"column":50}},"5":{"start":{"line":13,"column":2},"end":{"line":18,"column":3}},"6":{"start":{"line":14,"column":4},"end":{"line":14,"column":21}},"7":{"start":{"line":15,"column":4},"end":{"line":15,"column":16}},"8":{"start":{"line":17,"column":4},"end":{"line":17,"column":17}},"9":{"start":{"line":31,"column":23},"end":{"line":31,"column":60}},"10":{"start":{"line":32,"column":2},"end":{"line":32,"column":33}},"11":{"start":{"line":32,"column":21},"end":{"line":32,"column":33}},"12":{"start":{"line":34,"column":19},"end":{"line":34,"column":51}},"13":{"start":{"line":35,"column":14},"end":{"line":35,"column":37}},"14":{"start":{"line":36,"column":2},"end":{"line":36,"column":15}},"15":{"start":{"line":39,"column":2},"end":{"line":41,"column":3}},"16":{"start":{"line":40,"column":4},"end":{"line":40,"column":64}},"17":{"start":{"line":40,"column":33},"end":{"line":40,"column":62}},"18":{"start":{"line":44,"column":2},"end":{"line":46,"column":3}},"19":{"start":{"line":45,"column":4},"end":{"line":45,"column":16}},"20":{"start":{"line":48,"column":19},"end":{"line":48,"column":36}},"21":{"start":{"line":49,"column":19},"end":{"line":49,"column":48}},"22":{"start":{"line":50,"column":18},"end":{"line":50,"column":51}},"23":{"start":{"line":52,"column":2},"end":{"line":52,"column":31}}},"fnMap":{"0":{"name":"fileExists","decl":{"start":{"line":12,"column":22},"end":{"line":12,"column":32}},"loc":{"start":{"line":12,"column":45},"end":{"line":19,"column":1}}},"1":{"name":"getIdeaByNumber","decl":{"start":{"line":27,"column":22},"end":{"line":27,"column":37}},"loc":{"start":{"line":29,"column":34},"end":{"line":53,"column":1}}},"2":{"name":"(anonymous_3)","decl":{"start":{"line":40,"column":25},"end":{"line":40,"column":29}},"loc":{"start":{"line":40,"column":33},"end":{"line":40,"column":62}}}},"branchMap":{"0":{"loc":{"start":{"line":29,"column":2},"end":{"line":29,"column":34}},"type":"default-arg","locations":[{"start":{"line":29,"column":29},"end":{"line":29,"column":34}}]},"1":{"loc":{"start":{"line":32,"column":2},"end":{"line":32,"column":33}},"type":"if","locations":[{"start":{"line":32,"column":2},"end":{"line":32,"column":33}},{"start":{},"end":{}}]},"2":{"loc":{"start":{"line":39,"column":2},"end":{"line":41,"column":3}},"type":"if","locations":[{"start":{"line":39,"column":2},"end":{"line":41,"column":3}},{"start":{},"end":{}}]},"3":{"loc":{"start":{"line":44,"column":2},"end":{"line":46,"column":3}},"type":"if","locations":[{"start":{"line":44,"column":2},"end":{"line":46,"column":3}},{"start":{},"end":{}}]},"4":{"loc":{"start":{"line":44,"column":6},"end":{"line":44,"column":50}},"type":"binary-expr","locations":[{"start":{"line":44,"column":6},"end":{"line":44,"column":20}},{"start":{"line":44,"column":24},"end":{"line":44,"column":50}}]}},"s":{"0":2,"1":2,"2":2,"3":2,"4":2,"5":7,"6":7,"7":3,"8":4,"9":7,"10":7,"11":1,"12":6,"13":6,"14":6,"15":6,"16":5,"17":15,"18":6,"19":2,"20":4,"21":4,"22":4,"23":4},"f":{"0":7,"1":7,"2":15},"b":{"0":[6],"1":[1,6],"2":[5,1],"3":[2,4],"4":[6,5]}}
,"/home/lee/@source/grind/src/utils/git.ts": {"path":"/home/lee/@source/grind/src/utils/git.ts","statementMap":{"0":{"start":{"line":13,"column":0},"end":{"line":13,"column":7}},"1":{"start":{"line":20,"column":0},"end":{"line":20,"column":7}},"2":{"start":{"line":29,"column":0},"end":{"line":29,"column":7}},"3":{"start":{"line":42,"column":0},"end":{"line":42,"column":7}},"4":{"start":{"line":65,"column":0},"end":{"line":65,"column":7}},"5":{"start":{"line":81,"column":0},"end":{"line":81,"column":7}},"6":{"start":{"line":100,"column":0},"end":{"line":100,"column":7}},"7":{"start":{"line":112,"column":0},"end":{"line":112,"column":7}},"8":{"start":{"line":125,"column":0},"end":{"line":125,"column":7}},"9":{"start":{"line":138,"column":0},"end":{"line":138,"column":7}},"10":{"start":{"line":150,"column":0},"end":{"line":150,"column":7}},"11":{"start":{"line":5,"column":0},"end":{"line":5,"column":46}},"12":{"start":{"line":6,"column":0},"end":{"line":6,"column":29}},"13":{"start":{"line":7,"column":0},"end":{"line":7,"column":24}},"14":{"start":{"line":14,"column":2},"end":{"line":14,"column":47}},"15":{"start":{"line":21,"column":2},"end":{"line":21,"column":49}},"16":{"start":{"line":22,"column":2},"end":{"line":22,"column":63}},"17":{"start":{"line":31,"column":2},"end":{"line":31,"column":49}},"18":{"start":{"line":35,"column":2},"end":{"line":35,"column":82}},"19":{"start":{"line":46,"column":2},"end":{"line":48,"column":3}},"20":{"start":{"line":47,"column":4},"end":{"line":47,"column":32}},"21":{"start":{"line":50,"column":2},"end":{"line":56,"column":12}},"22":{"start":{"line":51,"column":19},"end":{"line":51,"column":76}},"23":{"start":{"line":52,"column":16},"end":{"line":52,"column":47}},"24":{"start":{"line":53,"column":4},"end":{"line":55,"column":5}},"25":{"start":{"line":54,"column":6},"end":{"line":54,"column":49}},"26":{"start":{"line":58,"column":2},"end":{"line":58,"column":16}},"27":{"start":{"line":67,"column":21},"end":{"line":67,"column":86}},"28":{"start":{"line":68,"column":19},"end":{"line":68,"column":54}},"29":{"start":{"line":71,"column":23},"end":{"line":71,"column":102}},"30":{"start":{"line":72,"column":21},"end":{"line":72,"column":58}},"31":{"start":{"line":75,"column":2},"end":{"line":75,"column":88}},"32":{"start":{"line":87,"column":2},"end":{"line":94,"column":3}},"33":{"start":{"line":88,"column":4},"end":{"line":88,"column":80}},"34":{"start":{"line":90,"column":4},"end":{"line":90,"column":79}},"35":{"start":{"line":93,"column":4},"end":{"line":93,"column":82}},"36":{"start":{"line":101,"column":2},"end":{"line":106,"column":3}},"37":{"start":{"line":102,"column":19},"end":{"line":102,"column":81}},"38":{"start":{"line":103,"column":4},"end":{"line":103,"column":57}},"39":{"start":{"line":105,"column":4},"end":{"line":105,"column":13}},"40":{"start":{"line":113,"column":2},"end":{"line":119,"column":3}},"41":{"start":{"line":114,"column":19},"end":{"line":114,"column":102}},"42":{"start":{"line":115,"column":22},"end":{"line":115,"column":68}},"43":{"start":{"line":116,"column":4},"end":{"line":116,"column":29}},"44":{"start":{"line":118,"column":4},"end":{"line":118,"column":16}},"45":{"start":{"line":126,"column":2},"end":{"line":132,"column":3}},"46":{"start":{"line":127,"column":19},"end":{"line":127,"column":84}},"47":{"start":{"line":128,"column":17},"end":{"line":128,"column":48}},"48":{"start":{"line":129,"column":4},"end":{"line":129,"column":24}},"49":{"start":{"line":131,"column":4},"end":{"line":131,"column":16}},"50":{"start":{"line":139,"column":2},"end":{"line":144,"column":3}},"51":{"start":{"line":140,"column":19},"end":{"line":140,"column":77}},"52":{"start":{"line":141,"column":4},"end":{"line":141,"column":54}},"53":{"start":{"line":143,"column":4},"end":{"line":143,"column":17}},"54":{"start":{"line":151,"column":17},"end":{"line":151,"column":78}},"55":{"start":{"line":152,"column":17},"end":{"line":152,"column":41}},"56":{"start":{"line":154,"column":26},"end":{"line":154,"column":28}},"57":{"start":{"line":155,"column":2},"end":{"line":161,"column":3}},"58":{"start":{"line":156,"column":4},"end":{"line":156,"column":48}},"59":{"start":{"line":156,"column":39},"end":{"line":156,"column":48}},"60":{"start":{"line":157,"column":25},"end":{"line":157,"column":54}},"61":{"start":{"line":158,"column":17},"end":{"line":158,"column":59}},"62":{"start":{"line":159,"column":4},"end":{"line":159,"column":64}},"63":{"start":{"line":159,"column":55},"end":{"line":159,"column":64}},"64":{"start":{"line":160,"column":4},"end":{"line":160,"column":21}},"65":{"start":{"line":163,"column":2},"end":{"line":163,"column":15}}},"fnMap":{"0":{"name":"gitInit","decl":{"start":{"line":13,"column":22},"end":{"line":13,"column":29}},"loc":{"start":{"line":13,"column":46},"end":{"line":15,"column":1}}},"1":{"name":"gitCommit","decl":{"start":{"line":20,"column":22},"end":{"line":20,"column":31}},"loc":{"start":{"line":20,"column":69},"end":{"line":23,"column":1}}},"2":{"name":"gitCommitInteractive","decl":{"start":{"line":29,"column":22},"end":{"line":29,"column":42}},"loc":{"start":{"line":29,"column":63},"end":{"line":36,"column":1}}},"3":{"name":"getDefaultBranch","decl":{"start":{"line":42,"column":22},"end":{"line":42,"column":38}},"loc":{"start":{"line":44,"column":22},"end":{"line":59,"column":1}}},"4":{"name":"gitInitialCommit","decl":{"start":{"line":65,"column":22},"end":{"line":65,"column":38}},"loc":{"start":{"line":65,"column":84},"end":{"line":76,"column":1}}},"5":{"name":"gitAddWorktree","decl":{"start":{"line":81,"column":22},"end":{"line":81,"column":36}},"loc":{"start":{"line":84,"column":16},"end":{"line":95,"column":1}}},"6":{"name":"getCommitCount","decl":{"start":{"line":100,"column":22},"end":{"line":100,"column":36}},"loc":{"start":{"line":100,"column":69},"end":{"line":107,"column":1}}},"7":{"name":"getFirstCommitDate","decl":{"start":{"line":112,"column":22},"end":{"line":112,"column":40}},"loc":{"start":{"line":112,"column":73},"end":{"line":120,"column":1}}},"8":{"name":"getLastCommitDate","decl":{"start":{"line":125,"column":22},"end":{"line":125,"column":39}},"loc":{"start":{"line":125,"column":72},"end":{"line":133,"column":1}}},"9":{"name":"hasUncommittedChanges","decl":{"start":{"line":138,"column":22},"end":{"line":138,"column":43}},"loc":{"start":{"line":138,"column":64},"end":{"line":145,"column":1}}},"10":{"name":"getActiveWorktrees","decl":{"start":{"line":150,"column":22},"end":{"line":150,"column":40}},"loc":{"start":{"line":150,"column":80},"end":{"line":164,"column":1}}}},"branchMap":{"0":{"loc":{"start":{"line":46,"column":2},"end":{"line":48,"column":3}},"type":"if","locations":[{"start":{"line":46,"column":2},"end":{"line":48,"column":3}},{"start":{},"end":{}}]},"1":{"loc":{"start":{"line":53,"column":4},"end":{"line":55,"column":5}},"type":"if","locations":[{"start":{"line":53,"column":4},"end":{"line":55,"column":5}},{"start":{},"end":{}}]},"2":{"loc":{"start":{"line":65,"column":57},"end":{"line":65,"column":84}},"type":"default-arg","locations":[{"start":{"line":65,"column":78},"end":{"line":65,"column":84}}]},"3":{"loc":{"start":{"line":116,"column":11},"end":{"line":116,"column":28}},"type":"binary-expr","locations":[{"start":{"line":116,"column":11},"end":{"line":116,"column":20}},{"start":{"line":116,"column":24},"end":{"line":116,"column":28}}]},"4":{"loc":{"start":{"line":129,"column":11},"end":{"line":129,"column":23}},"type":"binary-expr","locations":[{"start":{"line":129,"column":11},"end":{"line":129,"column":15}},{"start":{"line":129,"column":19},"end":{"line":129,"column":23}}]},"5":{"loc":{"start":{"line":156,"column":4},"end":{"line":156,"column":48}},"type":"if","locations":[{"start":{"line":156,"column":4},"end":{"line":156,"column":48}},{"start":{},"end":{}}]},"6":{"loc":{"start":{"line":159,"column":4},"end":{"line":159,"column":64}},"type":"if","locations":[{"start":{"line":159,"column":4},"end":{"line":159,"column":64}},{"start":{},"end":{}}]},"7":{"loc":{"start":{"line":159,"column":8},"end":{"line":159,"column":53}},"type":"binary-expr","locations":[{"start":{"line":159,"column":8},"end":{"line":159,"column":24}},{"start":{"line":159,"column":28},"end":{"line":159,"column":53}}]}},"s":{"0":2,"1":2,"2":2,"3":2,"4":2,"5":2,"6":2,"7":2,"8":2,"9":2,"10":2,"11":2,"12":2,"13":2,"14":0,"15":0,"16":0,"17":0,"18":0,"19":4,"20":2,"21":2,"22":2,"23":1,"24":1,"25":1,"26":1,"27":0,"28":0,"29":0,"30":0,"31":0,"32":0,"33":0,"34":0,"35":0,"36":0,"37":0,"38":0,"39":0,"40":4,"41":4,"42":3,"43":3,"44":1,"45":0,"46":0,"47":0,"48":0,"49":0,"50":0,"51":0,"52":0,"53":0,"54":3,"55":3,"56":3,"57":3,"58":16,"59":12,"60":4,"61":4,"62":4,"63":2,"64":2,"65":3},"f":{"0":0,"1":0,"2":0,"3":4,"4":0,"5":0,"6":0,"7":4,"8":0,"9":0,"10":3},"b":{"0":[2,2],"1":[1,0],"2":[0],"3":[3,2],"4":[0,0],"5":[12,4],"6":[2,2],"7":[4,2]}}
,"/home/lee/@source/grind/src/utils/project.ts": {"path":"/home/lee/@source/grind/src/utils/project.ts","statementMap":{"0":{"start":{"line":22,"column":0},"end":{"line":22,"column":7}},"1":{"start":{"line":5,"column":0},"end":{"line":5,"column":29}},"2":{"start":{"line":6,"column":0},"end":{"line":6,"column":44}},"3":{"start":{"line":7,"column":0},"end":{"line":7,"column":46}},"4":{"start":{"line":16,"column":23},"end":{"line":16,"column":40}},"5":{"start":{"line":23,"column":19},"end":{"line":23,"column":59}},"6":{"start":{"line":24,"column":24},"end":{"line":24,"column":73}},"7":{"start":{"line":26,"column":35},"end":{"line":26,"column":37}},"8":{"start":{"line":27,"column":2},"end":{"line":43,"column":3}},"9":{"start":{"line":28,"column":23},"end":{"line":28,"column":88}},"10":{"start":{"line":29,"column":4},"end":{"line":42,"column":5}},"11":{"start":{"line":30,"column":22},"end":{"line":30,"column":57}},"12":{"start":{"line":31,"column":6},"end":{"line":35,"column":9}},"13":{"start":{"line":37,"column":6},"end":{"line":41,"column":9}},"14":{"start":{"line":45,"column":2},"end":{"line":45,"column":18}}},"fnMap":{"0":{"name":"collectProjects","decl":{"start":{"line":22,"column":22},"end":{"line":22,"column":37}},"loc":{"start":{"line":22,"column":59},"end":{"line":46,"column":1}}}},"branchMap":{},"s":{"0":1,"1":1,"2":1,"3":1,"4":1,"5":3,"6":3,"7":3,"8":3,"9":2,"10":2,"11":2,"12":1,"13":1,"14":3},"f":{"0":3},"b":{}}
,"/home/lee/@source/grind/src/utils/prompts.ts": {"path":"/home/lee/@source/grind/src/utils/prompts.ts","statementMap":{"0":{"start":{"line":4,"column":0},"end":{"line":4,"column":7}},"1":{"start":{"line":1,"column":0},"end":{"line":1,"column":57}},"2":{"start":{"line":2,"column":0},"end":{"line":2,"column":45}},"3":{"start":{"line":5,"column":2},"end":{"line":5,"column":19}},"4":{"start":{"line":5,"column":12},"end":{"line":5,"column":19}},"5":{"start":{"line":7,"column":13},"end":{"line":10,"column":4}},"6":{"start":{"line":12,"column":17},"end":{"line":12,"column":54}},"7":{"start":{"line":13,"column":2},"end":{"line":13,"column":13}},"8":{"start":{"line":15,"column":2},"end":{"line":18,"column":3}},"9":{"start":{"line":16,"column":4},"end":{"line":16,"column":28}},"10":{"start":{"line":17,"column":4},"end":{"line":17,"column":20}}},"fnMap":{"0":{"name":"confirmOrExit","decl":{"start":{"line":4,"column":22},"end":{"line":4,"column":35}},"loc":{"start":{"line":4,"column":65},"end":{"line":19,"column":1}}}},"branchMap":{"0":{"loc":{"start":{"line":5,"column":2},"end":{"line":5,"column":19}},"type":"if","locations":[{"start":{"line":5,"column":2},"end":{"line":5,"column":19}},{"start":{},"end":{}}]},"1":{"loc":{"start":{"line":15,"column":2},"end":{"line":18,"column":3}},"type":"if","locations":[{"start":{"line":15,"column":2},"end":{"line":18,"column":3}},{"start":{},"end":{}}]},"2":{"loc":{"start":{"line":15,"column":6},"end":{"line":15,"column":68}},"type":"binary-expr","locations":[{"start":{"line":15,"column":6},"end":{"line":15,"column":34}},{"start":{"line":15,"column":38},"end":{"line":15,"column":68}}]}},"s":{"0":4,"1":4,"2":4,"3":8,"4":1,"5":7,"6":7,"7":7,"8":7,"9":2,"10":2},"f":{"0":8},"b":{"0":[1,7],"1":[2,5],"2":[7,3]}}
,"/home/lee/@source/grind/src/utils/session.ts": {"path":"/home/lee/@source/grind/src/utils/session.ts","statementMap":{"0":{"start":{"line":8,"column":0},"end":{"line":8,"column":16}},"1":{"start":{"line":12,"column":0},"end":{"line":12,"column":16}},"2":{"start":{"line":23,"column":0},"end":{"line":23,"column":16}},"3":{"start":{"line":37,"column":0},"end":{"line":37,"column":16}},"4":{"start":{"line":6,"column":0},"end":{"line":6,"column":88}},"5":{"start":{"line":9,"column":2},"end":{"line":9,"column":47}},"6":{"start":{"line":9,"column":31},"end":{"line":9,"column":45}},"7":{"start":{"line":13,"column":30},"end":{"line":18,"column":4}},"8":{"start":{"line":19,"column":2},"end":{"line":19,"column":31}},"9":{"start":{"line":20,"column":2},"end":{"line":20,"column":20}},"10":{"start":{"line":27,"column":18},"end":{"line":27,"column":42}},"11":{"start":{"line":28,"column":2},"end":{"line":28,"column":33}},"12":{"start":{"line":28,"column":16},"end":{"line":28,"column":33}},"13":{"start":{"line":30,"column":23},"end":{"line":30,"column":55}},"14":{"start":{"line":31,"column":2},"end":{"line":31,"column":29}},"15":{"start":{"line":32,"column":2},"end":{"line":32,"column":68}},"16":{"start":{"line":33,"column":2},"end":{"line":33,"column":82}},"17":{"start":{"line":34,"column":2},"end":{"line":34,"column":17}},"18":{"start":{"line":38,"column":24},"end":{"line":38,"column":48}},"19":{"start":{"line":39,"column":2},"end":{"line":43,"column":3}},"20":{"start":{"line":40,"column":4},"end":{"line":40,"column":44}},"21":{"start":{"line":41,"column":4},"end":{"line":41,"column":31}},"22":{"start":{"line":42,"column":4},"end":{"line":42,"column":30}}},"fnMap":{"0":{"name":"getActiveSession","decl":{"start":{"line":8,"column":16},"end":{"line":8,"column":32}},"loc":{"start":{"line":8,"column":54},"end":{"line":10,"column":1}}},"1":{"name":"(anonymous_1)","decl":{"start":{"line":9,"column":26},"end":{"line":9,"column":27}},"loc":{"start":{"line":9,"column":31},"end":{"line":9,"column":45}}},"2":{"name":"startSession","decl":{"start":{"line":12,"column":16},"end":{"line":12,"column":28}},"loc":{"start":{"line":12,"column":50},"end":{"line":21,"column":1}}},"3":{"name":"endSession","decl":{"start":{"line":23,"column":16},"end":{"line":23,"column":26}},"loc":{"start":{"line":25,"column":18},"end":{"line":35,"column":1}}},"4":{"name":"closeOrphanedSession","decl":{"start":{"line":37,"column":16},"end":{"line":37,"column":36}},"loc":{"start":{"line":37,"column":58},"end":{"line":44,"column":1}}}},"branchMap":{"0":{"loc":{"start":{"line":28,"column":2},"end":{"line":28,"column":33}},"type":"if","locations":[{"start":{"line":28,"column":2},"end":{"line":28,"column":33}},{"start":{},"end":{}}]},"1":{"loc":{"start":{"line":30,"column":23},"end":{"line":30,"column":55}},"type":"binary-expr","locations":[{"start":{"line":30,"column":23},"end":{"line":30,"column":30}},{"start":{"line":30,"column":34},"end":{"line":30,"column":55}}]},"2":{"loc":{"start":{"line":39,"column":2},"end":{"line":43,"column":3}},"type":"if","locations":[{"start":{"line":39,"column":2},"end":{"line":43,"column":3}},{"start":{},"end":{}}]}},"s":{"0":1,"1":1,"2":1,"3":1,"4":1,"5":9,"6":7,"7":2,"8":2,"9":2,"10":4,"11":4,"12":1,"13":3,"14":3,"15":3,"16":3,"17":3,"18":2,"19":2,"20":1,"21":1,"22":1},"f":{"0":9,"1":7,"2":2,"3":4,"4":2},"b":{"0":[1,3],"1":[3,1],"2":[1,1]}}
,"/home/lee/@source/grind/src/utils/time.ts": {"path":"/home/lee/@source/grind/src/utils/time.ts","statementMap":{"0":{"start":{"line":10,"column":0},"end":{"line":10,"column":16}},"1":{"start":{"line":17,"column":0},"end":{"line":17,"column":16}},"2":{"start":{"line":26,"column":0},"end":{"line":26,"column":16}},"3":{"start":{"line":40,"column":0},"end":{"line":40,"column":16}},"4":{"start":{"line":58,"column":0},"end":{"line":58,"column":16}},"5":{"start":{"line":66,"column":0},"end":{"line":66,"column":16}},"6":{"start":{"line":11,"column":2},"end":{"line":11,"column":34}},"7":{"start":{"line":18,"column":20},"end":{"line":18,"column":35}},"8":{"start":{"line":19,"column":18},"end":{"line":19,"column":31}},"9":{"start":{"line":20,"column":2},"end":{"line":20,"column":70}},"10":{"start":{"line":27,"column":2},"end":{"line":34,"column":3}},"11":{"start":{"line":29,"column":6},"end":{"line":29,"column":44}},"12":{"start":{"line":31,"column":6},"end":{"line":31,"column":46}},"13":{"start":{"line":33,"column":6},"end":{"line":33,"column":46}},"14":{"start":{"line":41,"column":18},"end":{"line":41,"column":66}},"15":{"start":{"line":42,"column":2},"end":{"line":42,"column":38}},"16":{"start":{"line":42,"column":20},"end":{"line":42,"column":38}},"17":{"start":{"line":43,"column":18},"end":{"line":43,"column":42}},"18":{"start":{"line":44,"column":2},"end":{"line":44,"column":45}},"19":{"start":{"line":44,"column":20},"end":{"line":44,"column":45}},"20":{"start":{"line":45,"column":16},"end":{"line":45,"column":40}},"21":{"start":{"line":46,"column":2},"end":{"line":46,"column":41}},"22":{"start":{"line":46,"column":18},"end":{"line":46,"column":41}},"23":{"start":{"line":47,"column":15},"end":{"line":47,"column":37}},"24":{"start":{"line":48,"column":2},"end":{"line":48,"column":39}},"25":{"start":{"line":48,"column":17},"end":{"line":48,"column":39}},"26":{"start":{"line":49,"column":17},"end":{"line":49,"column":38}},"27":{"start":{"line":50,"column":2},"end":{"line":50,"column":44}},"28":{"start":{"line":50,"column":19},"end":{"line":50,"column":44}},"29":{"start":{"line":51,"column":16},"end":{"line":51,"column":39}},"30":{"start":{"line":52,"column":2},"end":{"line":52,"column":25}},"31":{"start":{"line":59,"column":2},"end":{"line":59,"column":32}},"32":{"start":{"line":67,"column":14},"end":{"line":67,"column":24}},"33":{"start":{"line":68,"column":15},"end":{"line":68,"column":32}},"34":{"start":{"line":69,"column":16},"end":{"line":69,"column":59}},"35":{"start":{"line":70,"column":14},"end":{"line":70,"column":52}},"36":{"start":{"line":71,"column":16},"end":{"line":71,"column":55}},"37":{"start":{"line":72,"column":18},"end":{"line":72,"column":59}},"38":{"start":{"line":73,"column":18},"end":{"line":73,"column":59}},"39":{"start":{"line":74,"column":2},"end":{"line":74,"column":61}}},"fnMap":{"0":{"name":"getCurrentTimestamp","decl":{"start":{"line":10,"column":16},"end":{"line":10,"column":35}},"loc":{"start":{"line":10,"column":35},"end":{"line":12,"column":1}}},"1":{"name":"calculateDuration","decl":{"start":{"line":17,"column":16},"end":{"line":17,"column":33}},"loc":{"start":{"line":17,"column":60},"end":{"line":21,"column":1}}},"2":{"name":"roundTimeByStrategy","decl":{"start":{"line":26,"column":16},"end":{"line":26,"column":35}},"loc":{"start":{"line":26,"column":69},"end":{"line":35,"column":1}}},"3":{"name":"timeAgo","decl":{"start":{"line":40,"column":16},"end":{"line":40,"column":23}},"loc":{"start":{"line":40,"column":34},"end":{"line":53,"column":1}}},"4":{"name":"formatDate","decl":{"start":{"line":58,"column":16},"end":{"line":58,"column":26}},"loc":{"start":{"line":58,"column":44},"end":{"line":60,"column":1}}},"5":{"name":"getTimestampFilename","decl":{"start":{"line":66,"column":16},"end":{"line":66,"column":36}},"loc":{"start":{"line":66,"column":36},"end":{"line":75,"column":1}}}},"branchMap":{"0":{"loc":{"start":{"line":27,"column":2},"end":{"line":34,"column":3}},"type":"switch","locations":[{"start":{"line":28,"column":4},"end":{"line":29,"column":44}},{"start":{"line":30,"column":4},"end":{"line":31,"column":46}},{"start":{"line":32,"column":4},"end":{"line":33,"column":46}}]},"1":{"loc":{"start":{"line":42,"column":2},"end":{"line":42,"column":38}},"type":"if","locations":[{"start":{"line":42,"column":2},"end":{"line":42,"column":38}},{"start":{},"end":{}}]},"2":{"loc":{"start":{"line":44,"column":2},"end":{"line":44,"column":45}},"type":"if","locations":[{"start":{"line":44,"column":2},"end":{"line":44,"column":45}},{"start":{},"end":{}}]},"3":{"loc":{"start":{"line":46,"column":2},"end":{"line":46,"column":41}},"type":"if","locations":[{"start":{"line":46,"column":2},"end":{"line":46,"column":41}},{"start":{},"end":{}}]},"4":{"loc":{"start":{"line":48,"column":2},"end":{"line":48,"column":39}},"type":"if","locations":[{"start":{"line":48,"column":2},"end":{"line":48,"column":39}},{"start":{},"end":{}}]},"5":{"loc":{"start":{"line":50,"column":2},"end":{"line":50,"column":44}},"type":"if","locations":[{"start":{"line":50,"column":2},"end":{"line":50,"column":44}},{"start":{},"end":{}}]}},"s":{"0":3,"1":3,"2":3,"3":3,"4":3,"5":3,"6":3,"7":7,"8":7,"9":7,"10":16,"11":7,"12":5,"13":4,"14":6,"15":6,"16":1,"17":5,"18":5,"19":1,"20":4,"21":4,"22":1,"23":3,"24":3,"25":1,"26":2,"27":2,"28":1,"29":1,"30":1,"31":2,"32":2,"33":2,"34":2,"35":2,"36":2,"37":2,"38":2,"39":2},"f":{"0":3,"1":7,"2":16,"3":6,"4":2,"5":2},"b":{"0":[7,5,4],"1":[1,5],"2":[1,4],"3":[1,3],"4":[1,2],"5":[1,1]}}
,"/home/lee/@source/grind/src/utils/workspace.ts": {"path":"/home/lee/@source/grind/src/utils/workspace.ts","statementMap":{"0":{"start":{"line":14,"column":0},"end":{"line":14,"column":7}},"1":{"start":{"line":38,"column":0},"end":{"line":38,"column":7}},"2":{"start":{"line":60,"column":0},"end":{"line":60,"column":7}},"3":{"start":{"line":69,"column":0},"end":{"line":69,"column":7}},"4":{"start":{"line":87,"column":0},"end":{"line":87,"column":7}},"5":{"start":{"line":5,"column":0},"end":{"line":5,"column":29}},"6":{"start":{"line":6,"column":0},"end":{"line":6,"column":40}},"7":{"start":{"line":7,"column":0},"end":{"line":7,"column":45}},"8":{"start":{"line":15,"column":14},"end":{"line":15,"column":27}},"9":{"start":{"line":16,"column":24},"end":{"line":16,"column":51}},"10":{"start":{"line":17,"column":2},"end":{"line":17,"column":34}},"11":{"start":{"line":17,"column":22},"end":{"line":17,"column":34}},"12":{"start":{"line":19,"column":19},"end":{"line":19,"column":52}},"13":{"start":{"line":20,"column":2},"end":{"line":20,"column":58}},"14":{"start":{"line":20,"column":46},"end":{"line":20,"column":58}},"15":{"start":{"line":22,"column":23},"end":{"line":22,"column":50}},"16":{"start":{"line":25,"column":2},"end":{"line":25,"column":82}},"17":{"start":{"line":25,"column":70},"end":{"line":25,"column":82}},"18":{"start":{"line":27,"column":2},"end":{"line":27,"column":22}},"19":{"start":{"line":30,"column":23},"end":{"line":30,"column":40}},"20":{"start":{"line":31,"column":27},"end":{"line":31,"column":34}},"21":{"start":{"line":32,"column":25},"end":{"line":32,"column":38}},"22":{"start":{"line":39,"column":20},"end":{"line":39,"column":43}},"23":{"start":{"line":41,"column":2},"end":{"line":52,"column":3}},"24":{"start":{"line":42,"column":25},"end":{"line":42,"column":63}},"25":{"start":{"line":43,"column":4},"end":{"line":45,"column":5}},"26":{"start":{"line":44,"column":6},"end":{"line":44,"column":26}},"27":{"start":{"line":47,"column":31},"end":{"line":47,"column":83}},"28":{"start":{"line":48,"column":4},"end":{"line":50,"column":5}},"29":{"start":{"line":49,"column":6},"end":{"line":49,"column":32}},"30":{"start":{"line":51,"column":4},"end":{"line":51,"column":44}},"31":{"start":{"line":54,"column":2},"end":{"line":54,"column":14}},"32":{"start":{"line":61,"column":19},"end":{"line":61,"column":48}},"33":{"start":{"line":62,"column":2},"end":{"line":62,"column":29}},"34":{"start":{"line":62,"column":17},"end":{"line":62,"column":29}},"35":{"start":{"line":63,"column":2},"end":{"line":63,"column":32}},"36":{"start":{"line":70,"column":24},"end":{"line":70,"column":57}},"37":{"start":{"line":71,"column":2},"end":{"line":71,"column":34}},"38":{"start":{"line":71,"column":22},"end":{"line":71,"column":34}},"39":{"start":{"line":73,"column":27},"end":{"line":73,"column":71}},"40":{"start":{"line":74,"column":21},"end":{"line":74,"column":66}},"41":{"start":{"line":76,"column":2},"end":{"line":78,"column":3}},"42":{"start":{"line":77,"column":4},"end":{"line":77,"column":28}},"43":{"start":{"line":80,"column":2},"end":{"line":80,"column":14}},"44":{"start":{"line":92,"column":24},"end":{"line":92,"column":61}},"45":{"start":{"line":93,"column":2},"end":{"line":95,"column":3}},"46":{"start":{"line":94,"column":4},"end":{"line":94,"column":58}},"47":{"start":{"line":97,"column":23},"end":{"line":97,"column":60}},"48":{"start":{"line":98,"column":2},"end":{"line":100,"column":3}},"49":{"start":{"line":99,"column":4},"end":{"line":99,"column":62}},"50":{"start":{"line":102,"column":19},"end":{"line":102,"column":59}},"51":{"start":{"line":104,"column":2},"end":{"line":104,"column":51}}},"fnMap":{"0":{"name":"getCurrentProjectName","decl":{"start":{"line":14,"column":22},"end":{"line":14,"column":43}},"loc":{"start":{"line":14,"column":43},"end":{"line":28,"column":1}}},"1":{"name":"findBareRepo","decl":{"start":{"line":38,"column":22},"end":{"line":38,"column":34}},"loc":{"start":{"line":38,"column":52},"end":{"line":55,"column":1}}},"2":{"name":"getWorkspaceRoot","decl":{"start":{"line":60,"column":22},"end":{"line":60,"column":38}},"loc":{"start":{"line":60,"column":56},"end":{"line":64,"column":1}}},"3":{"name":"findMainWorktree","decl":{"start":{"line":69,"column":22},"end":{"line":69,"column":38}},"loc":{"start":{"line":69,"column":56},"end":{"line":81,"column":1}}},"4":{"name":"requireWorkspace","decl":{"start":{"line":87,"column":22},"end":{"line":87,"column":38}},"loc":{"start":{"line":87,"column":38},"end":{"line":105,"column":1}}}},"branchMap":{"0":{"loc":{"start":{"line":17,"column":2},"end":{"line":17,"column":34}},"type":"if","locations":[{"start":{"line":17,"column":2},"end":{"line":17,"column":34}},{"start":{},"end":{}}]},"1":{"loc":{"start":{"line":20,"column":2},"end":{"line":20,"column":58}},"type":"if","locations":[{"start":{"line":20,"column":2},"end":{"line":20,"column":58}},{"start":{},"end":{}}]},"2":{"loc":{"start":{"line":20,"column":6},"end":{"line":20,"column":44}},"type":"binary-expr","locations":[{"start":{"line":20,"column":6},"end":{"line":20,"column":15}},{"start":{"line":20,"column":19},"end":{"line":20,"column":44}}]},"3":{"loc":{"start":{"line":25,"column":2},"end":{"line":25,"column":82}},"type":"if","locations":[{"start":{"line":25,"column":2},"end":{"line":25,"column":82}},{"start":{},"end":{}}]},"4":{"loc":{"start":{"line":25,"column":6},"end":{"line":25,"column":68}},"type":"binary-expr","locations":[{"start":{"line":25,"column":6},"end":{"line":25,"column":30}},{"start":{"line":25,"column":34},"end":{"line":25,"column":68}}]},"5":{"loc":{"start":{"line":43,"column":4},"end":{"line":45,"column":5}},"type":"if","locations":[{"start":{"line":43,"column":4},"end":{"line":45,"column":5}},{"start":{},"end":{}}]},"6":{"loc":{"start":{"line":48,"column":4},"end":{"line":50,"column":5}},"type":"if","locations":[{"start":{"line":48,"column":4},"end":{"line":50,"column":5}},{"start":{},"end":{}}]},"7":{"loc":{"start":{"line":62,"column":2},"end":{"line":62,"column":29}},"type":"if","locations":[{"start":{"line":62,"column":2},"end":{"line":62,"column":29}},{"start":{},"end":{}}]},"8":{"loc":{"start":{"line":71,"column":2},"end":{"line":71,"column":34}},"type":"if","locations":[{"start":{"line":71,"column":2},"end":{"line":71,"column":34}},{"start":{},"end":{}}]},"9":{"loc":{"start":{"line":76,"column":2},"end":{"line":78,"column":3}},"type":"if","locations":[{"start":{"line":76,"column":2},"end":{"line":78,"column":3}},{"start":{},"end":{}}]},"10":{"loc":{"start":{"line":93,"column":2},"end":{"line":95,"column":3}},"type":"if","locations":[{"start":{"line":93,"column":2},"end":{"line":95,"column":3}},{"start":{},"end":{}}]},"11":{"loc":{"start":{"line":98,"column":2},"end":{"line":100,"column":3}},"type":"if","locations":[{"start":{"line":98,"column":2},"end":{"line":100,"column":3}},{"start":{},"end":{}}]}},"s":{"0":1,"1":1,"2":1,"3":1,"4":1,"5":1,"6":1,"7":1,"8":0,"9":0,"10":0,"11":0,"12":0,"13":0,"14":0,"15":0,"16":0,"17":0,"18":0,"19":1,"20":1,"21":1,"22":0,"23":0,"24":0,"25":0,"26":0,"27":0,"28":0,"29":0,"30":0,"31":0,"32":0,"33":0,"34":0,"35":0,"36":0,"37":0,"38":0,"39":0,"40":0,"41":0,"42":0,"43":0,"44":0,"45":0,"46":0,"47":0,"48":0,"49":0,"50":0,"51":0},"f":{"0":0,"1":0,"2":0,"3":0,"4":0},"b":{"0":[0,0],"1":[0,0],"2":[0,0],"3":[0,0],"4":[0,0],"5":[0,0],"6":[0,0],"7":[0,0],"8":[0,0],"9":[0,0],"10":[0,0],"11":[0,0]}}
}
