TN:
SF:src/commands/init.ts
FN:27,init
FNF:1
FNH:0
FNDA:0,init
DA:1,1
DA:2,1
DA:4,1
DA:5,1
DA:10,1
DA:27,1
DA:28,0
DA:29,0
DA:30,0
DA:33,0
DA:34,0
DA:35,0
DA:39,0
DA:40,0
DA:43,0
DA:44,0
DA:47,0
DA:48,0
DA:51,0
DA:52,0
DA:53,0
DA:54,0
DA:61,0
DA:62,0
DA:64,0
DA:65,0
DA:66,0
DA:67,0
DA:68,0
LF:29
LH:6
BRDA:33,0,0,0
BRDA:33,0,1,0
BRF:2
BRH:0
end_of_record
TN:
SF:src/utils/config.ts
FN:6,readGrindConfig
FN:17,writeGrindConfig
FN:26,readProjectConfig
FN:46,writeProjectConfig
FNF:4
FNH:3
FNDA:3,readGrindConfig
FNDA:0,writeGrindConfig
FNDA:1,readProjectConfig
FNDA:1,writeProjectConfig
DA:1,1
DA:2,1
DA:4,1
DA:6,1
DA:7,3
DA:9,3
DA:10,3
DA:11,2
DA:13,1
DA:17,1
DA:18,0
DA:19,0
DA:20,0
DA:22,0
DA:26,1
DA:30,1
DA:38,1
DA:39,1
DA:40,0
DA:42,1
DA:46,1
DA:51,1
DA:59,1
LF:23
LH:18
BRF:0
BRH:0
end_of_record
TN:
SF:src/utils/files.ts
FN:8,fileExists
FN:23,getIdeaByNumber
FN:36,(anonymous_3)
FNF:3
FNH:0
FNDA:0,fileExists
FNDA:0,getIdeaByNumber
FNDA:0,(anonymous_3)
DA:1,1
DA:2,1
DA:3,1
DA:8,1
DA:9,0
DA:10,0
DA:11,0
DA:13,0
DA:23,1
DA:27,0
DA:28,0
DA:30,0
DA:31,0
DA:32,0
DA:35,0
DA:36,0
DA:40,0
DA:41,0
DA:44,0
DA:45,0
DA:46,0
DA:48,0
LF:22
LH:5
BRDA:25,0,0,0
BRDA:28,1,0,0
BRDA:28,1,1,0
BRDA:35,2,0,0
BRDA:35,2,1,0
BRDA:40,3,0,0
BRDA:40,3,1,0
BRDA:40,4,0,0
BRDA:40,4,1,0
BRF:9
BRH:0
end_of_record
TN:
SF:src/utils/git.ts
FN:6,gitInit
FN:13,gitCommit
FN:22,gitCommitInteractive
FN:35,gitInitialCommit
FN:51,gitAddWorktree
FN:70,hasUncommittedChanges
FNF:6
FNH:0
FNDA:0,gitInit
FNDA:0,gitCommit
FNDA:0,gitCommitInteractive
FNDA:0,gitInitialCommit
FNDA:0,gitAddWorktree
FNDA:0,hasUncommittedChanges
DA:1,1
DA:6,1
DA:7,0
DA:13,1
DA:14,0
DA:15,0
DA:22,1
DA:24,0
DA:28,0
DA:35,1
DA:37,0
DA:38,0
DA:41,0
DA:42,0
DA:45,0
DA:51,1
DA:57,0
DA:58,0
DA:60,0
DA:63,0
DA:70,1
DA:71,0
DA:72,0
DA:73,0
DA:75,0
LF:25
LH:7
BRF:0
BRH:0
end_of_record
TN:
SF:src/utils/workspace.ts
FN:10,getCurrentProjectName
FN:34,findBareRepo
FN:56,getWorkspaceRoot
FN:65,findMainWorktree
FNF:4
FNH:0
FNDA:0,getCurrentProjectName
FNDA:0,findBareRepo
FNDA:0,getWorkspaceRoot
FNDA:0,findMainWorktree
DA:1,1
DA:2,1
DA:3,1
DA:10,1
DA:11,0
DA:12,0
DA:13,0
DA:15,0
DA:16,0
DA:18,0
DA:21,0
DA:23,0
DA:26,1
DA:27,1
DA:28,1
DA:34,1
DA:35,0
DA:37,0
DA:38,0
DA:39,0
DA:40,0
DA:43,0
DA:44,0
DA:45,0
DA:47,0
DA:50,0
DA:56,1
DA:57,0
DA:58,0
DA:59,0
DA:65,1
DA:66,0
DA:67,0
DA:69,0
DA:70,0
DA:72,0
DA:73,0
DA:76,0
LF:38
LH:10
BRDA:13,0,0,0
BRDA:13,0,1,0
BRDA:16,1,0,0
BRDA:16,1,1,0
BRDA:16,2,0,0
BRDA:16,2,1,0
BRDA:21,3,0,0
BRDA:21,3,1,0
BRDA:21,4,0,0
BRDA:21,4,1,0
BRDA:39,5,0,0
BRDA:39,5,1,0
BRDA:44,6,0,0
BRDA:44,6,1,0
BRDA:58,7,0,0
BRDA:58,7,1,0
BRDA:67,8,0,0
BRDA:67,8,1,0
BRDA:72,9,0,0
BRDA:72,9,1,0
BRF:20
BRH:0
end_of_record
