TN:
SF:src/commands/cancel.ts
FN:18,cancelProject
FNF:1
FNH:1
FNDA:5,cancelProject
DA:5,1
DA:6,1
DA:7,1
DA:8,1
DA:9,1
DA:10,1
DA:11,1
DA:12,1
DA:18,1
DA:23,5
DA:26,5
DA:27,5
DA:28,1
DA:32,4
DA:33,4
DA:34,0
DA:41,4
DA:47,4
DA:48,4
DA:49,4
DA:50,1
DA:52,3
DA:54,4
DA:56,0
DA:63,4
DA:64,4
DA:65,4
DA:67,0
DA:71,4
DA:72,4
DA:73,4
DA:74,4
DA:75,4
DA:78,4
LF:34
LH:31
BRDA:27,0,0,1
BRDA:27,0,1,4
BRDA:33,1,0,0
BRDA:33,1,1,4
BRDA:33,2,0,4
BRDA:33,2,1,4
BRDA:43,3,0,4
BRDA:43,3,1,1
BRDA:49,4,0,1
BRDA:49,4,1,3
BRDA:72,5,0,4
BRDA:72,5,1,0
BRF:12
BRH:10
end_of_record
TN:
SF:src/commands/prune.ts
FN:15,pruneIdeas
FN:24,(anonymous_2)
FNF:2
FNH:2
FNDA:5,pruneIdeas
FNDA:13,(anonymous_2)
DA:5,1
DA:6,1
DA:7,1
DA:8,1
DA:9,1
DA:15,1
DA:16,5
DA:18,5
DA:21,5
DA:24,13
DA:26,5
DA:27,1
DA:28,1
DA:32,4
DA:33,4
DA:34,8
DA:38,4
DA:44,4
DA:45,8
DA:46,8
DA:47,8
DA:51,4
DA:52,4
LF:23
LH:23
BRDA:26,0,0,1
BRDA:26,0,1,4
BRDA:40,1,0,4
BRDA:40,1,1,2
BRF:4
BRH:4
end_of_record
TN:
SF:src/commands/publish-project.ts
FN:19,publishProject
FNF:1
FNH:1
FNDA:5,publishProject
DA:5,1
DA:6,1
DA:7,1
DA:8,1
DA:9,1
DA:10,1
DA:11,1
DA:12,1
DA:13,1
DA:19,1
DA:24,5
DA:27,5
DA:28,5
DA:29,0
DA:33,5
DA:34,0
DA:36,5
DA:37,0
DA:41,5
DA:42,0
DA:43,0
DA:44,0
DA:47,0
DA:48,0
DA:49,0
DA:51,0
DA:52,0
DA:53,0
DA:54,0
DA:58,5
DA:59,5
DA:62,5
DA:63,5
DA:65,0
DA:69,5
DA:70,5
DA:72,5
DA:73,5
DA:74,5
DA:76,0
DA:80,5
DA:81,4
DA:83,4
DA:84,4
DA:85,1
DA:87,4
DA:89,4
DA:90,4
DA:92,4
DA:93,1
DA:94,1
DA:97,4
DA:99,1
DA:100,1
LF:54
LH:39
BRDA:28,0,0,0
BRDA:28,0,1,5
BRDA:33,1,0,0
BRDA:33,1,1,5
BRDA:36,2,0,0
BRDA:36,2,1,5
BRDA:41,3,0,0
BRDA:41,3,1,5
BRDA:43,4,0,0
BRDA:43,4,1,0
BRDA:47,5,0,0
BRDA:47,5,1,0
BRDA:80,6,0,4
BRDA:80,6,1,1
BRDA:80,7,0,5
BRDA:80,7,1,2
BRDA:84,8,0,1
BRDA:84,8,1,3
BRDA:87,9,0,4
BRDA:87,9,1,2
BRDA:92,10,0,1
BRDA:92,10,1,3
BRF:22
BRH:14
end_of_record
TN:
SF:src/commands/save.ts
FN:12,save
FNF:1
FNH:1
FNDA:10,save
DA:5,1
DA:6,1
DA:7,1
DA:8,1
DA:9,1
DA:10,1
DA:12,1
DA:16,10
DA:17,10
DA:19,10
DA:20,0
DA:21,0
DA:22,0
DA:23,0
DA:25,0
DA:27,0
DA:30,10
DA:31,10
DA:32,2
DA:36,8
DA:37,6
DA:38,6
DA:39,4
DA:41,2
DA:42,2
DA:43,1
DA:44,1
DA:48,4
DA:51,4
DA:52,1
DA:54,1
DA:55,1
DA:57,1
DA:58,1
DA:60,3
DA:63,4
DA:64,4
DA:66,4
DA:68,4
DA:69,1
DA:70,1
DA:73,1
DA:75,3
DA:78,4
DA:80,0
LF:45
LH:38
BRDA:19,0,0,0
BRDA:19,0,1,10
BRDA:21,1,0,0
BRDA:21,1,1,0
BRDA:31,2,0,2
BRDA:31,2,1,8
BRDA:36,3,0,6
BRDA:36,3,1,2
BRDA:38,4,0,4
BRDA:38,4,1,2
BRDA:38,5,0,6
BRDA:38,5,1,5
BRDA:42,6,0,1
BRDA:42,6,1,1
BRDA:51,7,0,1
BRDA:51,7,1,3
BRDA:63,8,0,4
BRDA:63,8,1,0
BRDA:66,9,0,4
BRDA:66,9,1,4
BRDA:68,10,0,1
BRDA:68,10,1,3
BRDA:70,11,0,0
BRDA:70,11,1,1
BRF:24
BRH:19
end_of_record
TN:
SF:src/commands/show.ts
FN:13,showProject
FN:49,(anonymous_2)
FN:50,(anonymous_3)
FN:50,(anonymous_4)
FNF:4
FNH:4
FNDA:10,showProject
FNDA:2,(anonymous_2)
FNDA:2,(anonymous_3)
FNDA:1,(anonymous_4)
DA:1,1
DA:2,1
DA:3,1
DA:4,1
DA:5,1
DA:13,1
DA:14,10
DA:16,10
DA:17,2
DA:18,2
DA:19,1
DA:21,1
DA:22,1
DA:25,8
DA:26,3
DA:27,3
DA:28,1
DA:30,2
DA:31,1
DA:32,1
DA:34,1
DA:35,2
DA:36,2
DA:37,2
DA:38,2
DA:39,2
DA:41,1
DA:44,5
DA:45,2
DA:46,2
DA:47,1
DA:49,2
DA:50,2
DA:51,1
DA:52,1
DA:53,1
DA:54,1
DA:55,1
DA:56,1
DA:57,1
DA:58,1
DA:59,1
DA:60,1
DA:61,1
DA:62,1
DA:63,1
DA:66,3
DA:67,3
DA:68,3
DA:69,1
DA:71,2
LF:51
LH:51
BRDA:13,0,0,3
BRDA:16,1,0,2
BRDA:16,1,1,8
BRDA:18,2,0,1
BRDA:18,2,1,1
BRDA:25,3,0,3
BRDA:25,3,1,5
BRDA:27,4,0,1
BRDA:27,4,1,2
BRDA:30,5,0,1
BRDA:30,5,1,1
BRDA:36,6,0,2
BRDA:36,6,1,0
BRDA:38,7,0,1
BRDA:38,7,1,1
BRDA:44,8,0,2
BRDA:44,8,1,3
BRDA:46,9,0,1
BRDA:46,9,1,1
BRF:19
BRH:18
end_of_record
TN:
SF:src/utils/config.ts
FN:10,readGrindConfig
FN:16,writeGrindConfig
FN:21,readProjectConfig
FN:41,writeProjectConfig
FN:57,resolveProjectConfig
FNF:5
FNH:4
FNDA:3,readGrindConfig
FNDA:0,writeGrindConfig
FNDA:1,readProjectConfig
FNDA:1,writeProjectConfig
FNDA:3,resolveProjectConfig
DA:5,1
DA:6,1
DA:8,1
DA:10,1
DA:11,3
DA:12,3
DA:13,2
DA:16,1
DA:17,0
DA:18,0
DA:21,1
DA:25,1
DA:33,1
DA:34,1
DA:35,0
DA:37,1
DA:41,1
DA:46,1
DA:54,1
DA:57,1
DA:61,3
DA:69,3
DA:70,3
DA:77,3
DA:78,1
DA:79,1
DA:82,2
DA:83,1
DA:84,1
DA:87,1
LF:30
LH:27
BRDA:77,0,0,1
BRDA:77,0,1,2
BRDA:82,1,0,1
BRDA:82,1,1,1
BRF:4
BRH:4
end_of_record
TN:
SF:src/utils/editor.ts
FN:13,openEditor
FN:24,openEditorDetached
FN:27,(anonymous_3)
FN:34,editTempFile
FN:45,(anonymous_5)
FNF:5
FNH:5
FNDA:2,openEditor
FNDA:2,openEditorDetached
FNDA:1,(anonymous_3)
FNDA:3,editTempFile
FNDA:1,(anonymous_5)
DA:5,1
DA:6,1
DA:7,1
DA:8,1
DA:9,1
DA:11,1
DA:13,1
DA:14,2
DA:15,2
DA:17,1
DA:24,1
DA:25,2
DA:27,2
DA:28,1
DA:29,1
DA:34,1
DA:38,3
DA:40,3
DA:41,3
DA:42,3
DA:43,2
DA:45,3
LF:22
LH:22
BRDA:11,0,0,1
BRDA:11,0,1,0
BRDA:11,0,2,0
BRDA:19,1,0,1
BRDA:19,1,1,0
BRDA:28,2,0,1
BRDA:28,2,1,0
BRDA:41,3,0,3
BRDA:41,3,1,2
BRF:9
BRH:5
end_of_record
TN:
SF:src/utils/errors.ts
FN:9,(anonymous_0)
FN:18,(anonymous_1)
FN:25,(anonymous_2)
FNF:3
FNH:3
FNDA:23,(anonymous_0)
FNDA:15,(anonymous_1)
FNDA:4,(anonymous_2)
DA:5,7
DA:10,23
DA:11,23
DA:12,23
DA:13,23
DA:17,7
DA:19,15
DA:20,15
DA:24,7
DA:26,4
DA:27,4
LF:11
LH:11
BRDA:9,0,0,2
BRF:1
BRH:1
end_of_record
TN:
SF:src/utils/files.ts
FN:12,fileExists
FN:27,getIdeaByNumber
FN:40,(anonymous_3)
FNF:3
FNH:3
FNDA:7,fileExists
FNDA:7,getIdeaByNumber
FNDA:15,(anonymous_3)
DA:5,2
DA:6,2
DA:7,2
DA:12,2
DA:13,7
DA:14,7
DA:15,3
DA:17,4
DA:27,2
DA:31,7
DA:32,7
DA:34,6
DA:35,6
DA:36,6
DA:39,6
DA:40,15
DA:44,6
DA:45,2
DA:48,4
DA:49,4
DA:50,4
DA:52,4
LF:22
LH:22
BRDA:29,0,0,6
BRDA:32,1,0,1
BRDA:32,1,1,6
BRDA:39,2,0,5
BRDA:39,2,1,1
BRDA:44,3,0,2
BRDA:44,3,1,4
BRDA:44,4,0,6
BRDA:44,4,1,5
BRF:9
BRH:9
end_of_record
TN:
SF:src/utils/git.ts
FN:13,gitInit
FN:20,gitCommit
FN:29,gitCommitInteractive
FN:42,getDefaultBranch
FN:65,gitInitialCommit
FN:81,gitAddWorktree
FN:100,getCommitCount
FN:112,getFirstCommitDate
FN:125,getLastCommitDate
FN:138,hasUncommittedChanges
FN:150,getActiveWorktrees
FNF:11
FNH:3
FNDA:0,gitInit
FNDA:0,gitCommit
FNDA:0,gitCommitInteractive
FNDA:4,getDefaultBranch
FNDA:0,gitInitialCommit
FNDA:0,gitAddWorktree
FNDA:0,getCommitCount
FNDA:4,getFirstCommitDate
FNDA:0,getLastCommitDate
FNDA:0,hasUncommittedChanges
FNDA:3,getActiveWorktrees
DA:5,2
DA:6,2
DA:7,2
DA:13,2
DA:14,0
DA:20,2
DA:21,0
DA:22,0
DA:29,2
DA:31,0
DA:35,0
DA:42,2
DA:46,4
DA:47,2
DA:50,2
DA:51,2
DA:52,1
DA:53,1
DA:54,1
DA:58,1
DA:65,2
DA:67,0
DA:68,0
DA:71,0
DA:72,0
DA:75,0
DA:81,2
DA:87,0
DA:88,0
DA:90,0
DA:93,0
DA:100,2
DA:101,0
DA:102,0
DA:103,0
DA:105,0
DA:112,2
DA:113,4
DA:114,4
DA:115,3
DA:116,3
DA:118,1
DA:125,2
DA:126,0
DA:127,0
DA:128,0
DA:129,0
DA:131,0
DA:138,2
DA:139,0
DA:140,0
DA:141,0
DA:143,0
DA:150,2
DA:151,3
DA:152,3
DA:154,3
DA:155,3
DA:156,16
DA:157,4
DA:158,4
DA:159,4
DA:160,2
DA:163,3
LF:64
LH:37
BRDA:46,0,0,2
BRDA:46,0,1,2
BRDA:53,1,0,1
BRDA:53,1,1,0
BRDA:65,2,0,0
BRDA:116,3,0,3
BRDA:116,3,1,2
BRDA:129,4,0,0
BRDA:129,4,1,0
BRDA:156,5,0,12
BRDA:156,5,1,4
BRDA:159,6,0,2
BRDA:159,6,1,2
BRDA:159,7,0,4
BRDA:159,7,1,2
BRF:15
BRH:11
end_of_record
TN:
SF:src/utils/project.ts
FN:22,collectProjects
FNF:1
FNH:1
FNDA:3,collectProjects
DA:5,1
DA:6,1
DA:7,1
DA:16,1
DA:22,1
DA:23,3
DA:24,3
DA:26,3
DA:27,3
DA:28,2
DA:29,2
DA:30,2
DA:31,1
DA:37,1
DA:45,3
LF:15
LH:15
BRF:0
BRH:0
end_of_record
TN:
SF:src/utils/prompts.ts
FN:4,confirmOrExit
FNF:1
FNH:1
FNDA:8,confirmOrExit
DA:1,4
DA:2,4
DA:4,4
DA:5,8
DA:7,7
DA:12,7
DA:13,7
DA:15,7
DA:16,2
DA:17,2
LF:10
LH:10
BRDA:5,0,0,1
BRDA:5,0,1,7
BRDA:15,1,0,2
BRDA:15,1,1,5
BRDA:15,2,0,7
BRDA:15,2,1,3
BRF:6
BRH:6
end_of_record
TN:
SF:src/utils/session.ts
FN:8,getActiveSession
FN:9,(anonymous_1)
FN:12,startSession
FN:23,endSession
FN:37,closeOrphanedSession
FNF:5
FNH:5
FNDA:9,getActiveSession
FNDA:7,(anonymous_1)
FNDA:2,startSession
FNDA:4,endSession
FNDA:2,closeOrphanedSession
DA:6,1
DA:8,1
DA:9,9
DA:12,1
DA:13,2
DA:19,2
DA:20,2
DA:23,1
DA:27,4
DA:28,4
DA:30,3
DA:31,3
DA:32,3
DA:33,3
DA:34,3
DA:37,1
DA:38,2
DA:39,2
DA:40,1
DA:41,1
DA:42,1
LF:21
LH:21
BRDA:28,0,0,1
BRDA:28,0,1,3
BRDA:30,1,0,3
BRDA:30,1,1,1
BRDA:39,2,0,1
BRDA:39,2,1,1
BRF:6
BRH:6
end_of_record
TN:
SF:src/utils/time.ts
FN:10,getCurrentTimestamp
FN:17,calculateDuration
FN:26,roundTimeByStrategy
FN:40,timeAgo
FN:58,formatDate
FN:66,getTimestampFilename
FNF:6
FNH:6
FNDA:3,getCurrentTimestamp
FNDA:7,calculateDuration
FNDA:16,roundTimeByStrategy
FNDA:6,timeAgo
FNDA:2,formatDate
FNDA:2,getTimestampFilename
DA:10,3
DA:11,3
DA:17,3
DA:18,7
DA:19,7
DA:20,7
DA:26,3
DA:27,16
DA:29,7
DA:31,5
DA:33,4
DA:40,3
DA:41,6
DA:42,6
DA:43,5
DA:44,5
DA:45,4
DA:46,4
DA:47,3
DA:48,3
DA:49,2
DA:50,2
DA:51,1
DA:52,1
DA:58,3
DA:59,2
DA:66,3
DA:67,2
DA:68,2
DA:69,2
DA:70,2
DA:71,2
DA:72,2
DA:73,2
DA:74,2
LF:35
LH:35
BRDA:27,0,0,7
BRDA:27,0,1,5
BRDA:27,0,2,4
BRDA:42,1,0,1
BRDA:42,1,1,5
BRDA:44,2,0,1
BRDA:44,2,1,4
BRDA:46,3,0,1
BRDA:46,3,1,3
BRDA:48,4,0,1
BRDA:48,4,1,2
BRDA:50,5,0,1
BRDA:50,5,1,1
BRF:13
BRH:13
end_of_record
TN:
SF:src/utils/workspace.ts
FN:14,getCurrentProjectName
FN:38,findBareRepo
FN:60,getWorkspaceRoot
FN:69,findMainWorktree
FN:87,requireWorkspace
FNF:5
FNH:0
FNDA:0,getCurrentProjectName
FNDA:0,findBareRepo
FNDA:0,getWorkspaceRoot
FNDA:0,findMainWorktree
FNDA:0,requireWorkspace
DA:5,1
DA:6,1
DA:7,1
DA:14,1
DA:15,0
DA:16,0
DA:17,0
DA:19,0
DA:20,0
DA:22,0
DA:25,0
DA:27,0
DA:30,1
DA:31,1
DA:32,1
DA:38,1
DA:39,0
DA:41,0
DA:42,0
DA:43,0
DA:44,0
DA:47,0
DA:48,0
DA:49,0
DA:51,0
DA:54,0
DA:60,1
DA:61,0
DA:62,0
DA:63,0
DA:69,1
DA:70,0
DA:71,0
DA:73,0
DA:74,0
DA:76,0
DA:77,0
DA:80,0
DA:87,1
DA:92,0
DA:93,0
DA:94,0
DA:97,0
DA:98,0
DA:99,0
DA:102,0
DA:104,0
LF:47
LH:11
BRDA:17,0,0,0
BRDA:17,0,1,0
BRDA:20,1,0,0
BRDA:20,1,1,0
BRDA:20,2,0,0
BRDA:20,2,1,0
BRDA:25,3,0,0
BRDA:25,3,1,0
BRDA:25,4,0,0
BRDA:25,4,1,0
BRDA:43,5,0,0
BRDA:43,5,1,0
BRDA:48,6,0,0
BRDA:48,6,1,0
BRDA:62,7,0,0
BRDA:62,7,1,0
BRDA:71,8,0,0
BRDA:71,8,1,0
BRDA:76,9,0,0
BRDA:76,9,1,0
BRDA:93,10,0,0
BRDA:93,10,1,0
BRDA:98,11,0,0
BRDA:98,11,1,0
BRF:24
BRH:0
end_of_record
